#
# There is insufficient memory for the Java Runtime Environment to continue.
# Native memory allocation (malloc) failed to allocate 1148416 bytes. Error detail: Chunk::new
# Possible reasons:
#   The system is out of physical RAM or swap space
#   This process is running with CompressedOops enabled, and the Java Heap may be blocking the growth of the native heap
# Possible solutions:
#   Reduce memory load on the system
#   Increase physical memory or swap space
#   Check if swap backing store is full
#   Decrease Java heap size (-Xmx/-Xms)
#   Decrease number of Java threads
#   Decrease Java thread stack sizes (-Xss)
#   Set larger code cache with -XX:ReservedCodeCacheSize=
#   JVM is running with Unscaled Compressed Oops mode in which the Java heap is
#     placed in the first 4GB address space. The Java Heap base address is the
#     maximum limit for the native heap growth. Please use -XX:HeapBaseMinAddress
#     to set the Java Heap base and to place the Java Heap above 4GB virtual address.
# This output file may be truncated or incomplete.
#
#  Out of Memory Error (arena.cpp:168), pid=16048, tid=21860
#
# JRE version: OpenJDK Runtime Environment Temurin-21.0.8+9 (21.0.8+9) (build 21.0.8+9-LTS)
# Java VM: OpenJDK 64-Bit Server VM Temurin-21.0.8+9 (21.0.8+9-LTS, mixed mode, sharing, tiered, compressed oops, compressed class ptrs, parallel gc, windows-amd64)
# No core dump will be written. Minidumps are not enabled by default on client versions of Windows
#

---------------  S U M M A R Y ------------

Command Line: --add-modules=ALL-SYSTEM --add-opens=java.base/java.util=ALL-UNNAMED --add-opens=java.base/java.lang=ALL-UNNAMED --add-opens=java.base/sun.nio.fs=ALL-UNNAMED -Declipse.application=org.eclipse.jdt.ls.core.id1 -Dosgi.bundles.defaultStartLevel=4 -Declipse.product=org.eclipse.jdt.ls.core.product -Djava.import.generatesMetadataFilesAtProjectRoot=false -DDetectVMInstallationsJob.disabled=true -Dfile.encoding=utf8 -XX:+UseParallelGC -XX:GCTimeRatio=4 -XX:AdaptiveSizePolicyWeight=90 -Dsun.zip.disableMemoryMapping=true -Xmx2G -Xms100m -Xlog:disable -javaagent:c:\Users\096POEEIPHYU\.vscode\extensions\redhat.java-1.46.0-win32-x64\lombok\lombok-1.18.39-4050.jar -XX:+HeapDumpOnOutOfMemoryError -XX:HeapDumpPath=c:\Users\096POEEIPHYU\AppData\Roaming\Code\User\workspaceStorage\238745f4fdc14cbabb597dbae08a20e0\redhat.java -Daether.dependencyCollector.impl=bf c:\Users\096POEEIPHYU\.vscode\extensions\redhat.java-1.46.0-win32-x64\server\plugins\org.eclipse.equinox.launcher_1.7.0.v20250519-0528.jar -configuration c:\Users\096POEEIPHYU\AppData\Roaming\Code\User\globalStorage\redhat.java\1.46.0\config_win -data c:\Users\096POEEIPHYU\AppData\Roaming\Code\User\workspaceStorage\238745f4fdc14cbabb597dbae08a20e0\redhat.java\jdt_ws --pipe=\\.\pipe\lsp-0b6b944cc116df9e43bb11b608142bc5-sock

Host: Intel(R) Core(TM) i5-8265U CPU @ 1.60GHz, 8 cores, 15G,  Windows 11 , 64 bit Build 26100 (10.0.26100.6725)
Time: Wed Oct 22 15:01:55 2025 elapsed time: 7907.452143 seconds (0d 2h 11m 47s)

---------------  T H R E A D  ---------------

Current thread (0x000002526ab5c250):  JavaThread "C2 CompilerThread2" daemon [_thread_in_native, id=21860, stack(0x0000008961600000,0x0000008961700000) (1024K)]


Current CompileTask:
C2:7907452 11398       4       org.eclipse.jdt.internal.compiler.classfmt.ModuleInfo::readModuleAttribute (1166 bytes)

Stack: [0x0000008961600000,0x0000008961700000]
Native frames: (J=compiled Java code, j=interpreted, Vv=VM code, C=native code)
V  [jvm.dll+0x6d2449]
V  [jvm.dll+0x8ae341]
V  [jvm.dll+0x8b08be]
V  [jvm.dll+0x8b0fa3]
V  [jvm.dll+0x280c96]
V  [jvm.dll+0xc581d]
V  [jvm.dll+0xc5d53]
V  [jvm.dll+0x2f539d]
V  [jvm.dll+0x5fa00a]
V  [jvm.dll+0x252092]
V  [jvm.dll+0x25244f]
V  [jvm.dll+0x24ad14]
V  [jvm.dll+0x2483a4]
V  [jvm.dll+0x1c89ee]
V  [jvm.dll+0x257d4d]
V  [jvm.dll+0x2562ea]
V  [jvm.dll+0x3f2d16]
V  [jvm.dll+0x857e6b]
V  [jvm.dll+0x6d0b0d]
C  [ucrtbase.dll+0x37b0]
C  [KERNEL32.DLL+0x2e8d7]
C  [ntdll.dll+0x8c53c]


---------------  P R O C E S S  ---------------

Threads class SMR info:
_java_thread_list=0x000002526b6b3c40, length=40, elements={
0x00000252069dd5f0, 0x000002521f6e9830, 0x000002521f6eb9e0, 0x000002521f6f09a0,
0x000002521f6f19a0, 0x000002521f6f6510, 0x000002520863afe0, 0x000002520863be10,
0x0000025262122c10, 0x00000252621e7de0, 0x0000025262517060, 0x0000025262987870,
0x0000025262766f30, 0x00000252672984a0, 0x00000252672c1450, 0x00000252674ce3c0,
0x00000252627e6870, 0x0000025262888560, 0x0000025262b261c0, 0x0000025262b27c00,
0x0000025262b254a0, 0x0000025262b26850, 0x0000025262b26ee0, 0x0000025262b27570,
0x0000025268a11c90, 0x0000025268a129b0, 0x0000025268a143f0, 0x0000025268a136d0,
0x0000025268a13d60, 0x0000025268a11600, 0x0000025268a13040, 0x0000025268a10f70,
0x0000025268a14a80, 0x0000025268a15110, 0x0000025268a12320, 0x0000025268a17f00,
0x0000025268a18590, 0x000002526708a280, 0x0000025268a15e30, 0x000002526ab5c250
}

Java Threads: ( => current thread )
  0x00000252069dd5f0 JavaThread "main"                              [_thread_blocked, id=4160, stack(0x000000895f600000,0x000000895f700000) (1024K)]
  0x000002521f6e9830 JavaThread "Reference Handler"          daemon [_thread_blocked, id=15400, stack(0x000000895fa00000,0x000000895fb00000) (1024K)]
  0x000002521f6eb9e0 JavaThread "Finalizer"                  daemon [_thread_blocked, id=29172, stack(0x000000895fb00000,0x000000895fc00000) (1024K)]
  0x000002521f6f09a0 JavaThread "Signal Dispatcher"          daemon [_thread_blocked, id=27984, stack(0x000000895fc00000,0x000000895fd00000) (1024K)]
  0x000002521f6f19a0 JavaThread "Attach Listener"            daemon [_thread_blocked, id=20252, stack(0x000000895fd00000,0x000000895fe00000) (1024K)]
  0x000002521f6f6510 JavaThread "Service Thread"             daemon [_thread_blocked, id=29436, stack(0x000000895fe00000,0x000000895ff00000) (1024K)]
  0x000002520863afe0 JavaThread "Monitor Deflation Thread"   daemon [_thread_blocked, id=37848, stack(0x000000895ff00000,0x0000008960000000) (1024K)]
  0x000002520863be10 JavaThread "C2 CompilerThread0"         daemon [_thread_blocked, id=32448, stack(0x0000008960000000,0x0000008960100000) (1024K)]
  0x0000025262122c10 JavaThread "C1 CompilerThread0"         daemon [_thread_blocked, id=26104, stack(0x0000008960100000,0x0000008960200000) (1024K)]
  0x00000252621e7de0 JavaThread "Common-Cleaner"             daemon [_thread_blocked, id=40060, stack(0x0000008960200000,0x0000008960300000) (1024K)]
  0x0000025262517060 JavaThread "Notification Thread"        daemon [_thread_blocked, id=1532, stack(0x0000008960400000,0x0000008960500000) (1024K)]
  0x0000025262987870 JavaThread "Active Thread: Equinox Container: b7e4b2aa-c89b-4d40-a64b-bee5bb9d6a3f"        [_thread_blocked, id=15784, stack(0x0000008960300000,0x0000008960400000) (1024K)]
  0x0000025262766f30 JavaThread "Refresh Thread: Equinox Container: b7e4b2aa-c89b-4d40-a64b-bee5bb9d6a3f" daemon [_thread_blocked, id=1452, stack(0x0000008960c00000,0x0000008960d00000) (1024K)]
  0x00000252672984a0 JavaThread "Framework Event Dispatcher: Equinox Container: b7e4b2aa-c89b-4d40-a64b-bee5bb9d6a3f" daemon [_thread_blocked, id=9176, stack(0x0000008960d00000,0x0000008960e00000) (1024K)]
  0x00000252672c1450 JavaThread "Start Level: Equinox Container: b7e4b2aa-c89b-4d40-a64b-bee5bb9d6a3f" daemon [_thread_blocked, id=37020, stack(0x0000008960e00000,0x0000008960f00000) (1024K)]
  0x00000252674ce3c0 JavaThread "Bundle File Closer"         daemon [_thread_blocked, id=40736, stack(0x0000008961100000,0x0000008961200000) (1024K)]
  0x00000252627e6870 JavaThread "SCR Component Actor"        daemon [_thread_blocked, id=21236, stack(0x0000008960f00000,0x0000008961000000) (1024K)]
  0x0000025262888560 JavaThread "Worker-JM"                         [_thread_blocked, id=28548, stack(0x0000008961200000,0x0000008961300000) (1024K)]
  0x0000025262b261c0 JavaThread "JNA Cleaner"                daemon [_thread_blocked, id=19724, stack(0x0000008961000000,0x0000008961100000) (1024K)]
  0x0000025262b27c00 JavaThread "Worker-1"                          [_thread_blocked, id=32716, stack(0x0000008961400000,0x0000008961500000) (1024K)]
  0x0000025262b254a0 JavaThread "Java indexing"              daemon [_thread_blocked, id=31068, stack(0x0000008961700000,0x0000008961800000) (1024K)]
  0x0000025262b26850 JavaThread "Worker-4"                          [_thread_blocked, id=34776, stack(0x0000008961c00000,0x0000008961d00000) (1024K)]
  0x0000025262b26ee0 JavaThread "Thread-1"                   daemon [_thread_in_native, id=21704, stack(0x0000008961d00000,0x0000008961e00000) (1024K)]
  0x0000025262b27570 JavaThread "Thread-2"                   daemon [_thread_in_native, id=24724, stack(0x0000008961e00000,0x0000008961f00000) (1024K)]
  0x0000025268a11c90 JavaThread "Thread-3"                   daemon [_thread_in_native, id=34140, stack(0x0000008961f00000,0x0000008962000000) (1024K)]
  0x0000025268a129b0 JavaThread "Thread-4"                   daemon [_thread_in_native, id=35280, stack(0x0000008962000000,0x0000008962100000) (1024K)]
  0x0000025268a143f0 JavaThread "Thread-5"                   daemon [_thread_in_native, id=21076, stack(0x0000008962100000,0x0000008962200000) (1024K)]
  0x0000025268a136d0 JavaThread "Thread-6"                   daemon [_thread_in_native, id=19788, stack(0x0000008962200000,0x0000008962300000) (1024K)]
  0x0000025268a13d60 JavaThread "Thread-7"                   daemon [_thread_in_native, id=22924, stack(0x0000008962300000,0x0000008962400000) (1024K)]
  0x0000025268a11600 JavaThread "Thread-8"                   daemon [_thread_in_native, id=31648, stack(0x0000008962400000,0x0000008962500000) (1024K)]
  0x0000025268a13040 JavaThread "Thread-9"                   daemon [_thread_in_native, id=34940, stack(0x0000008962500000,0x0000008962600000) (1024K)]
  0x0000025268a10f70 JavaThread "pool-2-thread-1"                   [_thread_blocked, id=32244, stack(0x0000008962600000,0x0000008962700000) (1024K)]
  0x0000025268a14a80 JavaThread "WorkspaceEventsHandler"            [_thread_blocked, id=37724, stack(0x0000008962700000,0x0000008962800000) (1024K)]
  0x0000025268a15110 JavaThread "pool-1-thread-1"                   [_thread_blocked, id=32708, stack(0x0000008962800000,0x0000008962900000) (1024K)]
  0x0000025268a12320 JavaThread "ForkJoinPool.commonPool-worker-9" daemon [_thread_in_vm, id=42552, stack(0x000000895f300000,0x000000895f400000) (1024K)]
  0x0000025268a17f00 JavaThread "ForkJoinPool.commonPool-worker-10" daemon [_thread_blocked, id=40904, stack(0x000000895f400000,0x000000895f500000) (1024K)]
  0x0000025268a18590 JavaThread "ForkJoinPool.commonPool-worker-11" daemon [_thread_blocked, id=31692, stack(0x000000895f500000,0x000000895f600000) (1024K)]
  0x000002526708a280 JavaThread "C2 CompilerThread1"         daemon [_thread_blocked, id=29912, stack(0x0000008961300000,0x0000008961400000) (1024K)]
  0x0000025268a15e30 JavaThread "Cleaner-0"                  daemon [_thread_blocked, id=1864, stack(0x0000008961500000,0x0000008961600000) (1024K)]
=>0x000002526ab5c250 JavaThread "C2 CompilerThread2"         daemon [_thread_in_native, id=21860, stack(0x0000008961600000,0x0000008961700000) (1024K)]
Total: 40

Other Threads:
  0x000002521f6e4810 VMThread "VM Thread"                           [id=40952, stack(0x000000895f900000,0x000000895fa00000) (1024K)]
  0x000002521f5dba00 WatcherThread "VM Periodic Task Thread"        [id=25468, stack(0x000000895f800000,0x000000895f900000) (1024K)]
  0x00000252085c38a0 WorkerThread "GC Thread#0"                     [id=38908, stack(0x000000895f700000,0x000000895f800000) (1024K)]
  0x00000252625ace20 WorkerThread "GC Thread#1"                     [id=24344, stack(0x0000008960600000,0x0000008960700000) (1024K)]
  0x0000025262c05910 WorkerThread "GC Thread#2"                     [id=1848, stack(0x0000008960700000,0x0000008960800000) (1024K)]
  0x0000025262c05cb0 WorkerThread "GC Thread#3"                     [id=34788, stack(0x0000008960800000,0x0000008960900000) (1024K)]
  0x0000025262c06050 WorkerThread "GC Thread#4"                     [id=31732, stack(0x0000008960900000,0x0000008960a00000) (1024K)]
  0x0000025262ab5410 WorkerThread "GC Thread#5"                     [id=24956, stack(0x0000008960a00000,0x0000008960b00000) (1024K)]
  0x0000025262ab57b0 WorkerThread "GC Thread#6"                     [id=22628, stack(0x0000008960b00000,0x0000008960c00000) (1024K)]
  0x0000025267170b50 WorkerThread "GC Thread#7"                     [id=17048, stack(0x0000008960500000,0x0000008960600000) (1024K)]
Total: 10

Threads with active compile tasks:
C2 CompilerThread2  7907641 11398       4       org.eclipse.jdt.internal.compiler.classfmt.ModuleInfo::readModuleAttribute (1166 bytes)
Total: 1

VM state: not at safepoint (normal execution)

VM Mutex/Monitor currently owned by a thread:  ([mutex/lock_event])
[0x00007ff9edf65ad8] SystemDictionary_lock - owner thread: 0x0000000000000000

Heap address: 0x0000000080000000, size: 2048 MB, Compressed Oops mode: 32-bit

CDS archive(s) mapped at: [0x0000025220000000-0x0000025220ba0000-0x0000025220ba0000), size 12189696, SharedBaseAddress: 0x0000025220000000, ArchiveRelocationMode: 1.
Compressed class space mapped at: 0x0000025221000000-0x0000025261000000, reserved size: 1073741824
Narrow klass base: 0x0000025220000000, Narrow klass shift: 0, Narrow klass range: 0x100000000

GC Precious Log:
 CardTable entry size: 512
 CPUs: 8 total, 8 available
 Memory: 16190M
 Large Page Support: Disabled
 NUMA Support: Disabled
 Compressed Oops: Enabled (32-bit)
 Alignments: Space 512K, Generation 512K, Heap 2M
 Heap Min Capacity: 100M
 Heap Initial Capacity: 100M
 Heap Max Capacity: 2G
 Pre-touch: Disabled
 Parallel Workers: 8

Heap:
 PSYoungGen      total 7680K, used 3600K [0x00000000d5580000, 0x00000000d6100000, 0x0000000100000000)
  eden space 7168K, 43% used [0x00000000d5580000,0x00000000d58857f8,0x00000000d5c80000)
  from space 512K, 98% used [0x00000000d5e80000,0x00000000d5efe910,0x00000000d5f00000)
  to   space 2048K, 0% used [0x00000000d5c80000,0x00000000d5c80000,0x00000000d5e80000)
 ParOldGen       total 142848K, used 119757K [0x0000000080000000, 0x0000000088b80000, 0x00000000d5580000)
  object space 142848K, 83% used [0x0000000080000000,0x00000000874f34f8,0x0000000088b80000)
 Metaspace       used 66227K, committed 67776K, reserved 1114112K
  class space    used 6934K, committed 7616K, reserved 1048576K

Card table byte_map: [0x000002521aa40000,0x000002521ae50000] _byte_map_base: 0x000002521a640000

Marking Bits: (ParMarkBitMap*) 0x00007ff9edf6a340
 Begin Bits: [0x000002521b100000, 0x000002521d100000)
 End Bits:   [0x000002521d100000, 0x000002521f100000)

Polling page: 0x0000025208380000

Metaspace:

Usage:
  Non-class:     57.90 MB used.
      Class:      6.77 MB used.
       Both:     64.68 MB used.

Virtual space:
  Non-class space:       64.00 MB reserved,      58.75 MB ( 92%) committed,  1 nodes.
      Class space:        1.00 GB reserved,       7.44 MB ( <1%) committed,  1 nodes.
             Both:        1.06 GB reserved,      66.19 MB (  6%) committed. 

Chunk freelists:
   Non-Class:  4.67 MB
       Class:  8.60 MB
        Both:  13.25 MB

MaxMetaspaceSize: unlimited
CompressedClassSpaceSize: 1.00 GB
Initial GC threshold: 21.00 MB
Current GC threshold: 97.31 MB
CDS: on
 - commit_granule_bytes: 65536.
 - commit_granule_words: 8192.
 - virtual_space_node_default_size: 8388608.
 - enlarge_chunks_in_place: 1.
 - use_allocation_guard: 0.


Internal statistics:

num_allocs_failed_limit: 9.
num_arena_births: 1230.
num_arena_deaths: 14.
num_vsnodes_births: 2.
num_vsnodes_deaths: 0.
num_space_committed: 1059.
num_space_uncommitted: 0.
num_chunks_returned_to_freelist: 23.
num_chunks_taken_from_freelist: 4405.
num_chunk_merges: 13.
num_chunk_splits: 2679.
num_chunks_enlarged: 1446.
num_inconsistent_stats: 0.

CodeHeap 'non-profiled nmethods': size=120000Kb used=8359Kb max_used=8359Kb free=111640Kb
 bounds [0x0000025213330000, 0x0000025213b60000, 0x000002521a860000]
CodeHeap 'profiled nmethods': size=120000Kb used=24284Kb max_used=24284Kb free=95715Kb
 bounds [0x000002520b860000, 0x000002520d020000, 0x0000025212d90000]
CodeHeap 'non-nmethods': size=5760Kb used=1435Kb max_used=1532Kb free=4324Kb
 bounds [0x0000025212d90000, 0x0000025213000000, 0x0000025213330000]
CodeCache: size=245760Kb, used=34078Kb, max_used=34175Kb, free=211679Kb
 total_blobs=11477, nmethods=10724, adapters=658, full_count=0
Compilation: enabled, stopped_count=0, restarted_count=0

Compilation events (20 events):
Event: 7907.374 Thread 0x0000025262122c10 nmethod 11422 0x000002520cfbbc10 code [0x000002520cfbbdc0, 0x000002520cfbc080]
Event: 7907.374 Thread 0x0000025262122c10 11423       3       org.eclipse.jdt.internal.compiler.lookup.ModuleBinding::lambda$11 (13 bytes)
Event: 7907.374 Thread 0x0000025262122c10 nmethod 11423 0x000002520cfbc190 code [0x000002520cfbc320, 0x000002520cfbc468]
Event: 7907.376 Thread 0x000002520863be10 nmethod 11416 0x0000025213b37d90 code [0x0000025213b37f60, 0x0000025213b383b8]
Event: 7907.376 Thread 0x000002520863be10 11409       4       org.eclipse.jdt.internal.compiler.parser.Scanner::addTokenToLookBack (137 bytes)
Event: 7907.382 Thread 0x000002520863be10 nmethod 11409 0x0000025213b38690 code [0x0000025213b38840, 0x0000025213b38a70]
Event: 7907.382 Thread 0x000002520863be10 11410       4       org.eclipse.jdt.internal.compiler.parser.Scanner::getNextToken (176 bytes)
Event: 7907.394 Thread 0x000002520863be10 nmethod 11410 0x0000025213b38c90 code [0x0000025213b38ee0, 0x0000025213b393f8]
Event: 7907.395 Thread 0x000002520863be10 11406   !   4       org.eclipse.core.internal.preferences.EclipsePreferences::internalGet (62 bytes)
Event: 7907.406 Thread 0x000002520863be10 nmethod 11406 0x0000025213b39810 code [0x0000025213b399e0, 0x0000025213b3a1b8]
Event: 7907.406 Thread 0x000002520863be10 11405       4       org.eclipse.core.runtime.Path::<init> (161 bytes)
Event: 7907.420 Thread 0x0000025262122c10 11425       3       java.util.stream.Streams$ConcatSpliterator::characteristics (56 bytes)
Event: 7907.421 Thread 0x0000025262122c10 nmethod 11425 0x000002520cfbc510 code [0x000002520cfbc700, 0x000002520cfbcb40]
Event: 7907.421 Thread 0x0000025262122c10 11426       3       org.eclipse.jdt.internal.compiler.lookup.MethodScope::referenceType (18 bytes)
Event: 7907.421 Thread 0x0000025262122c10 nmethod 11426 0x000002520cfbcc90 code [0x000002520cfbce60, 0x000002520cfbd328]
Event: 7907.421 Thread 0x0000025262122c10 11427       3       org.eclipse.jdt.internal.compiler.lookup.Scope::<init> (44 bytes)
Event: 7907.421 Thread 0x0000025262122c10 nmethod 11427 0x000002520cfbd490 code [0x000002520cfbd640, 0x000002520cfbd960]
Event: 7907.431 Thread 0x0000025262122c10 11429       3       org.eclipse.jdt.internal.compiler.lookup.TypeSystem::getDerivedTypes (16 bytes)
Event: 7907.431 Thread 0x0000025262122c10 nmethod 11429 0x000002520cfbda90 code [0x000002520cfbdc40, 0x000002520cfbddc0]
Event: 7907.444 Thread 0x0000025262122c10 11433       3       org.eclipse.jdt.internal.compiler.lookup.LookupEnvironment::computePackageFrom (584 bytes)

GC Heap History (20 events):
Event: 36.866 GC heap before
{Heap before GC invocations=140 (full 3):
 PSYoungGen      total 8192K, used 8123K [0x00000000d5580000, 0x00000000d6080000, 0x0000000100000000)
  eden space 7680K, 99% used [0x00000000d5580000,0x00000000d5cf4aa0,0x00000000d5d00000)
  from space 512K, 95% used [0x00000000d5e80000,0x00000000d5efa400,0x00000000d5f00000)
  to   space 1536K, 0% used [0x00000000d5d00000,0x00000000d5d00000,0x00000000d5e80000)
 ParOldGen       total 142848K, used 114654K [0x0000000080000000, 0x0000000088b80000, 0x00000000d5580000)
  object space 142848K, 80% used [0x0000000080000000,0x0000000086ff79a0,0x0000000088b80000)
 Metaspace       used 61381K, committed 62848K, reserved 1114112K
  class space    used 6511K, committed 7104K, reserved 1048576K
}
Event: 36.867 GC heap after
{Heap after GC invocations=140 (full 3):
 PSYoungGen      total 8192K, used 506K [0x00000000d5580000, 0x00000000d5f00000, 0x0000000100000000)
  eden space 7680K, 0% used [0x00000000d5580000,0x00000000d5580000,0x00000000d5d00000)
  from space 512K, 98% used [0x00000000d5d00000,0x00000000d5d7e8d0,0x00000000d5d80000)
  to   space 1024K, 0% used [0x00000000d5e00000,0x00000000d5e00000,0x00000000d5f00000)
 ParOldGen       total 142848K, used 115022K [0x0000000080000000, 0x0000000088b80000, 0x00000000d5580000)
  object space 142848K, 80% used [0x0000000080000000,0x00000000870538b0,0x0000000088b80000)
 Metaspace       used 61381K, committed 62848K, reserved 1114112K
  class space    used 6511K, committed 7104K, reserved 1048576K
}
Event: 37.009 GC heap before
{Heap before GC invocations=141 (full 3):
 PSYoungGen      total 8192K, used 8186K [0x00000000d5580000, 0x00000000d5f00000, 0x0000000100000000)
  eden space 7680K, 100% used [0x00000000d5580000,0x00000000d5d00000,0x00000000d5d00000)
  from space 512K, 98% used [0x00000000d5d00000,0x00000000d5d7e8d0,0x00000000d5d80000)
  to   space 1024K, 0% used [0x00000000d5e00000,0x00000000d5e00000,0x00000000d5f00000)
 ParOldGen       total 142848K, used 115022K [0x0000000080000000, 0x0000000088b80000, 0x00000000d5580000)
  object space 142848K, 80% used [0x0000000080000000,0x00000000870538b0,0x0000000088b80000)
 Metaspace       used 61754K, committed 63232K, reserved 1114112K
  class space    used 6552K, committed 7168K, reserved 1048576K
}
Event: 37.011 GC heap after
{Heap after GC invocations=141 (full 3):
 PSYoungGen      total 8704K, used 841K [0x00000000d5580000, 0x00000000d5f00000, 0x0000000100000000)
  eden space 7680K, 0% used [0x00000000d5580000,0x00000000d5580000,0x00000000d5d00000)
  from space 1024K, 82% used [0x00000000d5e00000,0x00000000d5ed26c8,0x00000000d5f00000)
  to   space 1024K, 0% used [0x00000000d5d00000,0x00000000d5d00000,0x00000000d5e00000)
 ParOldGen       total 142848K, used 115318K [0x0000000080000000, 0x0000000088b80000, 0x00000000d5580000)
  object space 142848K, 80% used [0x0000000080000000,0x000000008709d8d0,0x0000000088b80000)
 Metaspace       used 61754K, committed 63232K, reserved 1114112K
  class space    used 6552K, committed 7168K, reserved 1048576K
}
Event: 37.215 GC heap before
{Heap before GC invocations=142 (full 3):
 PSYoungGen      total 8704K, used 8521K [0x00000000d5580000, 0x00000000d5f00000, 0x0000000100000000)
  eden space 7680K, 100% used [0x00000000d5580000,0x00000000d5d00000,0x00000000d5d00000)
  from space 1024K, 82% used [0x00000000d5e00000,0x00000000d5ed26c8,0x00000000d5f00000)
  to   space 1024K, 0% used [0x00000000d5d00000,0x00000000d5d00000,0x00000000d5e00000)
 ParOldGen       total 142848K, used 115318K [0x0000000080000000, 0x0000000088b80000, 0x00000000d5580000)
  object space 142848K, 80% used [0x0000000080000000,0x000000008709d8d0,0x0000000088b80000)
 Metaspace       used 62204K, committed 63616K, reserved 1114112K
  class space    used 6581K, committed 7168K, reserved 1048576K
}
Event: 37.220 GC heap after
{Heap after GC invocations=142 (full 3):
 PSYoungGen      total 8704K, used 998K [0x00000000d5580000, 0x00000000d6100000, 0x0000000100000000)
  eden space 7680K, 0% used [0x00000000d5580000,0x00000000d5580000,0x00000000d5d00000)
  from space 1024K, 97% used [0x00000000d5d00000,0x00000000d5df9af0,0x00000000d5e00000)
  to   space 2048K, 0% used [0x00000000d5f00000,0x00000000d5f00000,0x00000000d6100000)
 ParOldGen       total 142848K, used 115946K [0x0000000080000000, 0x0000000088b80000, 0x00000000d5580000)
  object space 142848K, 81% used [0x0000000080000000,0x000000008713a898,0x0000000088b80000)
 Metaspace       used 62204K, committed 63616K, reserved 1114112K
  class space    used 6581K, committed 7168K, reserved 1048576K
}
Event: 37.435 GC heap before
{Heap before GC invocations=143 (full 3):
 PSYoungGen      total 8704K, used 8658K [0x00000000d5580000, 0x00000000d6100000, 0x0000000100000000)
  eden space 7680K, 99% used [0x00000000d5580000,0x00000000d5cfaf50,0x00000000d5d00000)
  from space 1024K, 97% used [0x00000000d5d00000,0x00000000d5df9af0,0x00000000d5e00000)
  to   space 2048K, 0% used [0x00000000d5f00000,0x00000000d5f00000,0x00000000d6100000)
 ParOldGen       total 142848K, used 115946K [0x0000000080000000, 0x0000000088b80000, 0x00000000d5580000)
  object space 142848K, 81% used [0x0000000080000000,0x000000008713a898,0x0000000088b80000)
 Metaspace       used 63046K, committed 64576K, reserved 1114112K
  class space    used 6670K, committed 7296K, reserved 1048576K
}
Event: 37.439 GC heap after
{Heap after GC invocations=143 (full 3):
 PSYoungGen      total 8704K, used 995K [0x00000000d5580000, 0x00000000d6000000, 0x0000000100000000)
  eden space 7680K, 0% used [0x00000000d5580000,0x00000000d5580000,0x00000000d5d00000)
  from space 1024K, 97% used [0x00000000d5f00000,0x00000000d5ff8c00,0x00000000d6000000)
  to   space 1536K, 0% used [0x00000000d5d00000,0x00000000d5d00000,0x00000000d5e80000)
 ParOldGen       total 142848K, used 116848K [0x0000000080000000, 0x0000000088b80000, 0x00000000d5580000)
  object space 142848K, 81% used [0x0000000080000000,0x000000008721c188,0x0000000088b80000)
 Metaspace       used 63046K, committed 64576K, reserved 1114112K
  class space    used 6670K, committed 7296K, reserved 1048576K
}
Event: 37.666 GC heap before
{Heap before GC invocations=144 (full 3):
 PSYoungGen      total 8704K, used 8675K [0x00000000d5580000, 0x00000000d6000000, 0x0000000100000000)
  eden space 7680K, 100% used [0x00000000d5580000,0x00000000d5d00000,0x00000000d5d00000)
  from space 1024K, 97% used [0x00000000d5f00000,0x00000000d5ff8c00,0x00000000d6000000)
  to   space 1536K, 0% used [0x00000000d5d00000,0x00000000d5d00000,0x00000000d5e80000)
 ParOldGen       total 142848K, used 116848K [0x0000000080000000, 0x0000000088b80000, 0x00000000d5580000)
  object space 142848K, 81% used [0x0000000080000000,0x000000008721c188,0x0000000088b80000)
 Metaspace       used 63644K, committed 65216K, reserved 1114112K
  class space    used 6743K, committed 7424K, reserved 1048576K
}
Event: 37.669 GC heap after
{Heap after GC invocations=144 (full 3):
 PSYoungGen      total 9216K, used 567K [0x00000000d5580000, 0x00000000d5f80000, 0x0000000100000000)
  eden space 7680K, 0% used [0x00000000d5580000,0x00000000d5580000,0x00000000d5d00000)
  from space 1536K, 36% used [0x00000000d5d00000,0x00000000d5d8dc68,0x00000000d5e80000)
  to   space 1024K, 0% used [0x00000000d5e80000,0x00000000d5e80000,0x00000000d5f80000)
 ParOldGen       total 142848K, used 117668K [0x0000000080000000, 0x0000000088b80000, 0x00000000d5580000)
  object space 142848K, 82% used [0x0000000080000000,0x00000000872e9178,0x0000000088b80000)
 Metaspace       used 63644K, committed 65216K, reserved 1114112K
  class space    used 6743K, committed 7424K, reserved 1048576K
}
Event: 37.853 GC heap before
{Heap before GC invocations=145 (full 3):
 PSYoungGen      total 9216K, used 8247K [0x00000000d5580000, 0x00000000d5f80000, 0x0000000100000000)
  eden space 7680K, 100% used [0x00000000d5580000,0x00000000d5d00000,0x00000000d5d00000)
  from space 1536K, 36% used [0x00000000d5d00000,0x00000000d5d8dc68,0x00000000d5e80000)
  to   space 1024K, 0% used [0x00000000d5e80000,0x00000000d5e80000,0x00000000d5f80000)
 ParOldGen       total 142848K, used 117668K [0x0000000080000000, 0x0000000088b80000, 0x00000000d5580000)
  object space 142848K, 82% used [0x0000000080000000,0x00000000872e9178,0x0000000088b80000)
 Metaspace       used 63853K, committed 65472K, reserved 1114112K
  class space    used 6757K, committed 7488K, reserved 1048576K
}
Event: 37.855 GC heap after
{Heap after GC invocations=145 (full 3):
 PSYoungGen      total 8192K, used 405K [0x00000000d5580000, 0x00000000d5f00000, 0x0000000100000000)
  eden space 7680K, 0% used [0x00000000d5580000,0x00000000d5580000,0x00000000d5d00000)
  from space 512K, 79% used [0x00000000d5e80000,0x00000000d5ee54b8,0x00000000d5f00000)
  to   space 512K, 0% used [0x00000000d5e00000,0x00000000d5e00000,0x00000000d5e80000)
 ParOldGen       total 142848K, used 118103K [0x0000000080000000, 0x0000000088b80000, 0x00000000d5580000)
  object space 142848K, 82% used [0x0000000080000000,0x0000000087355f18,0x0000000088b80000)
 Metaspace       used 63853K, committed 65472K, reserved 1114112K
  class space    used 6757K, committed 7488K, reserved 1048576K
}
Event: 38.081 GC heap before
{Heap before GC invocations=146 (full 3):
 PSYoungGen      total 8192K, used 8085K [0x00000000d5580000, 0x00000000d5f00000, 0x0000000100000000)
  eden space 7680K, 100% used [0x00000000d5580000,0x00000000d5d00000,0x00000000d5d00000)
  from space 512K, 79% used [0x00000000d5e80000,0x00000000d5ee54b8,0x00000000d5f00000)
  to   space 512K, 0% used [0x00000000d5e00000,0x00000000d5e00000,0x00000000d5e80000)
 ParOldGen       total 142848K, used 118103K [0x0000000080000000, 0x0000000088b80000, 0x00000000d5580000)
  object space 142848K, 82% used [0x0000000080000000,0x0000000087355f18,0x0000000088b80000)
 Metaspace       used 64085K, committed 65664K, reserved 1114112K
  class space    used 6765K, committed 7488K, reserved 1048576K
}
Event: 38.082 GC heap after
{Heap after GC invocations=146 (full 3):
 PSYoungGen      total 8192K, used 192K [0x00000000d5580000, 0x00000000d5f00000, 0x0000000100000000)
  eden space 7680K, 0% used [0x00000000d5580000,0x00000000d5580000,0x00000000d5d00000)
  from space 512K, 37% used [0x00000000d5e00000,0x00000000d5e30000,0x00000000d5e80000)
  to   space 512K, 0% used [0x00000000d5e80000,0x00000000d5e80000,0x00000000d5f00000)
 ParOldGen       total 142848K, used 118365K [0x0000000080000000, 0x0000000088b80000, 0x00000000d5580000)
  object space 142848K, 82% used [0x0000000080000000,0x0000000087397558,0x0000000088b80000)
 Metaspace       used 64085K, committed 65664K, reserved 1114112K
  class space    used 6765K, committed 7488K, reserved 1048576K
}
Event: 7592.597 GC heap before
{Heap before GC invocations=147 (full 3):
 PSYoungGen      total 8192K, used 7872K [0x00000000d5580000, 0x00000000d5f00000, 0x0000000100000000)
  eden space 7680K, 100% used [0x00000000d5580000,0x00000000d5d00000,0x00000000d5d00000)
  from space 512K, 37% used [0x00000000d5e00000,0x00000000d5e30000,0x00000000d5e80000)
  to   space 512K, 0% used [0x00000000d5e80000,0x00000000d5e80000,0x00000000d5f00000)
 ParOldGen       total 142848K, used 118365K [0x0000000080000000, 0x0000000088b80000, 0x00000000d5580000)
  object space 142848K, 82% used [0x0000000080000000,0x0000000087397558,0x0000000088b80000)
 Metaspace       used 64737K, committed 66304K, reserved 1114112K
  class space    used 6821K, committed 7488K, reserved 1048576K
}
Event: 7592.621 GC heap after
{Heap after GC invocations=147 (full 3):
 PSYoungGen      total 8192K, used 480K [0x00000000d5580000, 0x00000000d5f00000, 0x0000000100000000)
  eden space 7680K, 0% used [0x00000000d5580000,0x00000000d5580000,0x00000000d5d00000)
  from space 512K, 93% used [0x00000000d5e80000,0x00000000d5ef8020,0x00000000d5f00000)
  to   space 1024K, 0% used [0x00000000d5d00000,0x00000000d5d00000,0x00000000d5e00000)
 ParOldGen       total 142848K, used 118469K [0x0000000080000000, 0x0000000088b80000, 0x00000000d5580000)
  object space 142848K, 82% used [0x0000000080000000,0x00000000873b1558,0x0000000088b80000)
 Metaspace       used 64737K, committed 66304K, reserved 1114112K
  class space    used 6821K, committed 7488K, reserved 1048576K
}
Event: 7906.687 GC heap before
{Heap before GC invocations=148 (full 3):
 PSYoungGen      total 8192K, used 8160K [0x00000000d5580000, 0x00000000d5f00000, 0x0000000100000000)
  eden space 7680K, 100% used [0x00000000d5580000,0x00000000d5d00000,0x00000000d5d00000)
  from space 512K, 93% used [0x00000000d5e80000,0x00000000d5ef8020,0x00000000d5f00000)
  to   space 1024K, 0% used [0x00000000d5d00000,0x00000000d5d00000,0x00000000d5e00000)
 ParOldGen       total 142848K, used 118469K [0x0000000080000000, 0x0000000088b80000, 0x00000000d5580000)
  object space 142848K, 82% used [0x0000000080000000,0x00000000873b1558,0x0000000088b80000)
 Metaspace       used 65597K, committed 67136K, reserved 1114112K
  class space    used 6892K, committed 7552K, reserved 1048576K
}
Event: 7906.690 GC heap after
{Heap after GC invocations=148 (full 3):
 PSYoungGen      total 8704K, used 480K [0x00000000d5580000, 0x00000000d5f00000, 0x0000000100000000)
  eden space 7680K, 0% used [0x00000000d5580000,0x00000000d5580000,0x00000000d5d00000)
  from space 1024K, 46% used [0x00000000d5d00000,0x00000000d5d78000,0x00000000d5e00000)
  to   space 512K, 0% used [0x00000000d5e80000,0x00000000d5e80000,0x00000000d5f00000)
 ParOldGen       total 142848K, used 118853K [0x0000000080000000, 0x0000000088b80000, 0x00000000d5580000)
  object space 142848K, 83% used [0x0000000080000000,0x0000000087411578,0x0000000088b80000)
 Metaspace       used 65597K, committed 67136K, reserved 1114112K
  class space    used 6892K, committed 7552K, reserved 1048576K
}
Event: 7907.340 GC heap before
{Heap before GC invocations=149 (full 3):
 PSYoungGen      total 8704K, used 8160K [0x00000000d5580000, 0x00000000d5f00000, 0x0000000100000000)
  eden space 7680K, 100% used [0x00000000d5580000,0x00000000d5d00000,0x00000000d5d00000)
  from space 1024K, 46% used [0x00000000d5d00000,0x00000000d5d78000,0x00000000d5e00000)
  to   space 512K, 0% used [0x00000000d5e80000,0x00000000d5e80000,0x00000000d5f00000)
 ParOldGen       total 142848K, used 118853K [0x0000000080000000, 0x0000000088b80000, 0x00000000d5580000)
  object space 142848K, 83% used [0x0000000080000000,0x0000000087411578,0x0000000088b80000)
 Metaspace       used 66007K, committed 67584K, reserved 1114112K
  class space    used 6921K, committed 7616K, reserved 1048576K
}
Event: 7907.343 GC heap after
{Heap after GC invocations=149 (full 3):
 PSYoungGen      total 7680K, used 506K [0x00000000d5580000, 0x00000000d6100000, 0x0000000100000000)
  eden space 7168K, 0% used [0x00000000d5580000,0x00000000d5580000,0x00000000d5c80000)
  from space 512K, 98% used [0x00000000d5e80000,0x00000000d5efe910,0x00000000d5f00000)
  to   space 2048K, 0% used [0x00000000d5c80000,0x00000000d5c80000,0x00000000d5e80000)
 ParOldGen       total 142848K, used 119757K [0x0000000080000000, 0x0000000088b80000, 0x00000000d5580000)
  object space 142848K, 83% used [0x0000000080000000,0x00000000874f34f8,0x0000000088b80000)
 Metaspace       used 66007K, committed 67584K, reserved 1114112K
  class space    used 6921K, committed 7616K, reserved 1048576K
}

Dll operation events (11 events):
Event: 0.029 Loaded shared library c:\Users\096POEEIPHYU\.vscode\extensions\redhat.java-1.46.0-win32-x64\jre\21.0.8-win32-x86_64\bin\java.dll
Event: 0.114 Loaded shared library c:\Users\096POEEIPHYU\.vscode\extensions\redhat.java-1.46.0-win32-x64\jre\21.0.8-win32-x86_64\bin\zip.dll
Event: 0.224 Loaded shared library C:\Users\096POEEIPHYU\.vscode\extensions\redhat.java-1.46.0-win32-x64\jre\21.0.8-win32-x86_64\bin\instrument.dll
Event: 0.237 Loaded shared library C:\Users\096POEEIPHYU\.vscode\extensions\redhat.java-1.46.0-win32-x64\jre\21.0.8-win32-x86_64\bin\net.dll
Event: 0.246 Loaded shared library C:\Users\096POEEIPHYU\.vscode\extensions\redhat.java-1.46.0-win32-x64\jre\21.0.8-win32-x86_64\bin\nio.dll
Event: 0.253 Loaded shared library C:\Users\096POEEIPHYU\.vscode\extensions\redhat.java-1.46.0-win32-x64\jre\21.0.8-win32-x86_64\bin\zip.dll
Event: 0.289 Loaded shared library C:\Users\096POEEIPHYU\.vscode\extensions\redhat.java-1.46.0-win32-x64\jre\21.0.8-win32-x86_64\bin\jimage.dll
Event: 0.466 Loaded shared library c:\Users\096POEEIPHYU\.vscode\extensions\redhat.java-1.46.0-win32-x64\jre\21.0.8-win32-x86_64\bin\verify.dll
Event: 4.282 Loaded shared library C:\Users\096POEEIPHYU\AppData\Roaming\Code\User\globalStorage\redhat.java\1.46.0\config_win\org.eclipse.equinox.launcher\org.eclipse.equinox.launcher.win32.win32.x86_64_1.2.1400.v20250801-0854\eclipse_11916.dll
Event: 9.178 Loaded shared library C:\Users\096POEEIPHYU\AppData\Local\Temp\jna-1066318513\jna12925418192267156902.dll
Event: 30.342 Loaded shared library C:\Users\096POEEIPHYU\.vscode\extensions\redhat.java-1.46.0-win32-x64\jre\21.0.8-win32-x86_64\bin\sunmscapi.dll

Deoptimization events (20 events):
Event: 38.293 Thread 0x0000025262b28920 Uncommon trap: trap_request=0xffffffde fr.pc=0x0000025213943888 relative=0x00000000000007e8
Event: 38.293 Thread 0x0000025262b28920 Uncommon trap: reason=class_check action=maybe_recompile pc=0x0000025213943888 method=java.util.ImmutableCollections.listCopy(Ljava/util/Collection;)Ljava/util/List; @ 32 c2
Event: 38.293 Thread 0x0000025262b28920 DEOPT PACKING pc=0x0000025213943888 sp=0x00000089618fe9c0
Event: 38.293 Thread 0x0000025262b28920 DEOPT UNPACKING pc=0x0000025212de3aa2 sp=0x00000089618fe938 mode 2
Event: 38.293 Thread 0x0000025262b28920 Uncommon trap: trap_request=0xffffffde fr.pc=0x0000025213943888 relative=0x00000000000007e8
Event: 38.293 Thread 0x0000025262b28920 Uncommon trap: reason=class_check action=maybe_recompile pc=0x0000025213943888 method=java.util.ImmutableCollections.listCopy(Ljava/util/Collection;)Ljava/util/List; @ 32 c2
Event: 38.293 Thread 0x0000025262b28920 DEOPT PACKING pc=0x0000025213943888 sp=0x00000089618fe9b0
Event: 38.293 Thread 0x0000025262b28920 DEOPT UNPACKING pc=0x0000025212de3aa2 sp=0x00000089618fe928 mode 2
Event: 38.293 Thread 0x0000025262b28920 Uncommon trap: trap_request=0xffffffde fr.pc=0x0000025213943888 relative=0x00000000000007e8
Event: 38.293 Thread 0x0000025262b28920 Uncommon trap: reason=class_check action=maybe_recompile pc=0x0000025213943888 method=java.util.ImmutableCollections.listCopy(Ljava/util/Collection;)Ljava/util/List; @ 32 c2
Event: 38.293 Thread 0x0000025262b28920 DEOPT PACKING pc=0x0000025213943888 sp=0x00000089618fe9b0
Event: 38.294 Thread 0x0000025262b28920 DEOPT UNPACKING pc=0x0000025212de3aa2 sp=0x00000089618fe928 mode 2
Event: 38.297 Thread 0x0000025262b28920 Uncommon trap: trap_request=0xffffffde fr.pc=0x0000025213954588 relative=0x00000000000007e8
Event: 38.297 Thread 0x0000025262b28920 Uncommon trap: reason=class_check action=maybe_recompile pc=0x0000025213954588 method=java.util.ImmutableCollections.listCopy(Ljava/util/Collection;)Ljava/util/List; @ 32 c2
Event: 38.297 Thread 0x0000025262b28920 DEOPT PACKING pc=0x0000025213954588 sp=0x00000089618fe8e0
Event: 38.297 Thread 0x0000025262b28920 DEOPT UNPACKING pc=0x0000025212de3aa2 sp=0x00000089618fe8b8 mode 2
Event: 7549.699 Thread 0x0000025268a12320 Uncommon trap: trap_request=0xffffffc6 fr.pc=0x0000025213abcca4 relative=0x0000000000003d64
Event: 7549.699 Thread 0x0000025268a12320 Uncommon trap: reason=bimorphic_or_optimized_type_check action=maybe_recompile pc=0x0000025213abcca4 method=java.lang.reflect.Field.get(Ljava/lang/Object;)Ljava/lang/Object; @ 22 c2
Event: 7549.699 Thread 0x0000025268a12320 DEOPT PACKING pc=0x0000025213abcca4 sp=0x000000895f3fe880
Event: 7549.700 Thread 0x0000025268a12320 DEOPT UNPACKING pc=0x0000025212de3aa2 sp=0x000000895f3fe8e0 mode 2

Classes loaded (20 events):
Event: 36.741 Loading class java/util/stream/ReduceOps$4
Event: 36.741 Loading class java/util/stream/ReduceOps$4 done
Event: 36.742 Loading class java/util/stream/ReduceOps$4ReducingSink
Event: 36.742 Loading class java/util/stream/ReduceOps$4ReducingSink done
Event: 38.044 Loading class java/util/AbstractList$RandomAccessSubList
Event: 38.044 Loading class java/util/AbstractList$SubList
Event: 38.044 Loading class java/util/AbstractList$SubList done
Event: 38.045 Loading class java/util/AbstractList$RandomAccessSubList done
Event: 38.045 Loading class java/util/AbstractList$SubList$1
Event: 38.045 Loading class java/util/AbstractList$SubList$1 done
Event: 7587.909 Loading class java/util/stream/DistinctOps
Event: 7587.912 Loading class java/util/stream/DistinctOps done
Event: 7587.912 Loading class java/util/stream/DistinctOps$1
Event: 7587.914 Loading class java/util/stream/DistinctOps$1 done
Event: 7587.944 Loading class java/util/stream/DistinctOps$1$2
Event: 7587.945 Loading class java/util/stream/DistinctOps$1$2 done
Event: 7587.962 Loading class java/util/ImmutableCollections$SubList
Event: 7587.964 Loading class java/util/ImmutableCollections$SubList done
Event: 7907.056 Loading class jdk/internal/ref/CleanerImpl$InnocuousThreadFactory
Event: 7907.059 Loading class jdk/internal/ref/CleanerImpl$InnocuousThreadFactory done

Classes unloaded (7 events):
Event: 10.530 Thread 0x000002521f6e4810 Unloading class 0x00000252211ad000 'java/lang/invoke/LambdaForm$MH+0x00000252211ad000'
Event: 10.530 Thread 0x000002521f6e4810 Unloading class 0x00000252211acc00 'java/lang/invoke/LambdaForm$MH+0x00000252211acc00'
Event: 10.530 Thread 0x000002521f6e4810 Unloading class 0x00000252211ac800 'java/lang/invoke/LambdaForm$MH+0x00000252211ac800'
Event: 10.530 Thread 0x000002521f6e4810 Unloading class 0x00000252211ac400 'java/lang/invoke/LambdaForm$MH+0x00000252211ac400'
Event: 10.530 Thread 0x000002521f6e4810 Unloading class 0x00000252211ac000 'java/lang/invoke/LambdaForm$BMH+0x00000252211ac000'
Event: 10.530 Thread 0x000002521f6e4810 Unloading class 0x00000252211abc00 'java/lang/invoke/LambdaForm$DMH+0x00000252211abc00'
Event: 10.530 Thread 0x000002521f6e4810 Unloading class 0x00000252211aac00 'java/lang/invoke/LambdaForm$DMH+0x00000252211aac00'

Classes redefined (0 events):
No events

Internal exceptions (20 events):
Event: 36.801 Thread 0x0000025268a16b50 Exception <a 'sun/nio/fs/WindowsException'{0x00000000d5592868}> (0x00000000d5592868) 
thrown [s\src\hotspot\share\prims\jni.cpp, line 520]
Event: 36.802 Thread 0x0000025268a16b50 Exception <a 'sun/nio/fs/WindowsException'{0x00000000d5593148}> (0x00000000d5593148) 
thrown [s\src\hotspot\share\prims\jni.cpp, line 520]
Event: 36.803 Thread 0x0000025268a16b50 Exception <a 'sun/nio/fs/WindowsException'{0x00000000d55ea360}> (0x00000000d55ea360) 
thrown [s\src\hotspot\share\prims\jni.cpp, line 520]
Event: 36.803 Thread 0x0000025268a16b50 Exception <a 'sun/nio/fs/WindowsException'{0x00000000d5622fa8}> (0x00000000d5622fa8) 
thrown [s\src\hotspot\share\prims\jni.cpp, line 520]
Event: 36.814 Thread 0x0000025268a16b50 Exception <a 'sun/nio/fs/WindowsException'{0x00000000d56c3200}> (0x00000000d56c3200) 
thrown [s\src\hotspot\share\prims\jni.cpp, line 520]
Event: 36.814 Thread 0x0000025268a16b50 Exception <a 'sun/nio/fs/WindowsException'{0x00000000d56c3ae0}> (0x00000000d56c3ae0) 
thrown [s\src\hotspot\share\prims\jni.cpp, line 520]
Event: 36.818 Thread 0x0000025268a164c0 Exception <a 'java/lang/LinkageError'{0x00000000d56685e8}: loader lombok.launch.ShadowClassLoader @54849e05 attempted duplicate class definition for lombok.launch.PatchFixesHider$Delegate. (lombok.launch.PatchFixesHider$Delegate is in unnamed module of loader lombok.launch.ShadowClassLoader @54849e05, parent loader org.eclipse.osgi.internal.loader.EquinoxClassLoader @47c193b7)> (0x00000000d56685e8) 
thrown [s\src\hotspot\share\classfile\systemDictionary.cpp, line 1682]
Event: 36.898 Thread 0x0000025262b28920 Exception <a 'java/lang/NoSuchMethodError'{0x00000000d57e4600}: 'java.lang.Object java.lang.invoke.DirectMethodHandle$Holder.invokeStatic(java.lang.Object, java.lang.Object, int, java.lang.Object)'> (0x00000000d57e4600) 
thrown [s\src\hotspot\share\interpreter\linkResolver.cpp, line 773]
Event: 36.899 Thread 0x0000025262b28920 Exception <a 'java/lang/NoSuchMethodError'{0x00000000d57eba00}: 'java.lang.Object java.lang.invoke.DirectMethodHandle$Holder.newInvokeSpecial(java.lang.Object, java.lang.Object, int)'> (0x00000000d57eba00) 
thrown [s\src\hotspot\share\interpreter\linkResolver.cpp, line 773]
Event: 37.111 Thread 0x0000025262b26850 Implicit null exception at 0x0000025213a089a5 to 0x0000025213a08d30
Event: 37.252 Thread 0x0000025262b26850 Exception <a 'java/lang/NoSuchMethodError'{0x00000000d56d03e8}: 'java.lang.Object java.lang.invoke.DirectMethodHandle$Holder.invokeStatic(java.lang.Object, java.lang.Object, int, java.lang.Object, java.lang.Object)'> (0x00000000d56d03e8) 
thrown [s\src\hotspot\share\interpreter\linkResolver.cpp, line 773]
Event: 37.570 Thread 0x0000025262b26850 Exception <a 'java/lang/NoSuchMethodError'{0x00000000d5993368}: 'java.lang.Object java.lang.invoke.DirectMethodHandle$Holder.invokeStatic(java.lang.Object, java.lang.Object, int, int)'> (0x00000000d5993368) 
thrown [s\src\hotspot\share\interpreter\linkResolver.cpp, line 773]
Event: 37.570 Thread 0x0000025262b26850 Exception <a 'java/lang/NoSuchMethodError'{0x00000000d5997978}: 'java.lang.Object java.lang.invoke.DirectMethodHandle$Holder.invokeSpecial(java.lang.Object, java.lang.Object, java.lang.Object, int, int)'> (0x00000000d5997978) 
thrown [s\src\hotspot\share\interpreter\linkResolver.cpp, line 773]
Event: 37.707 Thread 0x0000025262b26850 Exception <a 'java/io/FileNotFoundException'{0x00000000d56d6de0}> (0x00000000d56d6de0) 
thrown [s\src\hotspot\share\prims\jni.cpp, line 520]
Event: 37.707 Thread 0x0000025262b26850 Exception <a 'java/io/FileNotFoundException'{0x00000000d56dc638}> (0x00000000d56dc638) 
thrown [s\src\hotspot\share\prims\jni.cpp, line 520]
Event: 37.708 Thread 0x0000025262b26850 Exception <a 'java/io/FileNotFoundException'{0x00000000d56dd660}> (0x00000000d56dd660) 
thrown [s\src\hotspot\share\prims\jni.cpp, line 520]
Event: 37.921 Thread 0x0000025262b26850 Implicit null exception at 0x0000025213a5e7c9 to 0x0000025213a5e92c
Event: 38.083 Thread 0x0000025268a18590 Exception <a 'sun/nio/fs/WindowsException'{0x00000000d5584b40}> (0x00000000d5584b40) 
thrown [s\src\hotspot\share\prims\jni.cpp, line 520]
Event: 38.083 Thread 0x0000025268a18590 Exception <a 'sun/nio/fs/WindowsException'{0x00000000d5585440}> (0x00000000d5585440) 
thrown [s\src\hotspot\share\prims\jni.cpp, line 520]
Event: 7906.344 Thread 0x0000025268a15110 Exception <a 'java/lang/IncompatibleClassChangeError'{0x00000000d55eab98}: Found class java.lang.Object, but interface was expected> (0x00000000d55eab98) 
thrown [s\src\hotspot\share\interpreter\linkResolver.cpp, line 840]

ZGC Phase Switch (0 events):
No events

VM Operations (20 events):
Event: 7587.939 Executing VM operation: HandshakeAllThreads (Deoptimize)
Event: 7587.939 Executing VM operation: HandshakeAllThreads (Deoptimize) done
Event: 7587.941 Executing VM operation: HandshakeAllThreads (Deoptimize)
Event: 7587.941 Executing VM operation: HandshakeAllThreads (Deoptimize) done
Event: 7588.941 Executing VM operation: Cleanup
Event: 7588.941 Executing VM operation: Cleanup done
Event: 7592.597 Executing VM operation: ParallelGCFailedAllocation (Allocation Failure)
Event: 7592.621 Executing VM operation: ParallelGCFailedAllocation (Allocation Failure) done
Event: 7704.816 Executing VM operation: HandshakeAllThreads (HandshakeForDeflation)
Event: 7704.817 Executing VM operation: HandshakeAllThreads (HandshakeForDeflation) done
Event: 7704.817 Executing VM operation: RendezvousGCThreads
Event: 7704.817 Executing VM operation: RendezvousGCThreads done
Event: 7885.255 Executing VM operation: HandshakeAllThreads (HandshakeForDeflation)
Event: 7885.255 Executing VM operation: HandshakeAllThreads (HandshakeForDeflation) done
Event: 7885.255 Executing VM operation: RendezvousGCThreads
Event: 7885.255 Executing VM operation: RendezvousGCThreads done
Event: 7906.687 Executing VM operation: ParallelGCFailedAllocation (Allocation Failure)
Event: 7906.690 Executing VM operation: ParallelGCFailedAllocation (Allocation Failure) done
Event: 7907.340 Executing VM operation: ParallelGCFailedAllocation (Allocation Failure)
Event: 7907.344 Executing VM operation: ParallelGCFailedAllocation (Allocation Failure) done

Memory protections (0 events):
No events

Nmethod flushes (20 events):
Event: 32.296 Thread 0x000002521f6e4810 flushing  nmethod 0x000002520c11df10
Event: 32.296 Thread 0x000002521f6e4810 flushing  nmethod 0x000002520c11ec90
Event: 32.296 Thread 0x000002521f6e4810 flushing  nmethod 0x000002520c11f090
Event: 32.296 Thread 0x000002521f6e4810 flushing  nmethod 0x000002520c11f690
Event: 32.296 Thread 0x000002521f6e4810 flushing  nmethod 0x000002520c11fa90
Event: 32.296 Thread 0x000002521f6e4810 flushing  nmethod 0x000002520c120090
Event: 32.296 Thread 0x000002521f6e4810 flushing  nmethod 0x000002520c13d990
Event: 32.296 Thread 0x000002521f6e4810 flushing osr nmethod 0x000002520c151d10
Event: 32.296 Thread 0x000002521f6e4810 flushing  nmethod 0x000002520c169b10
Event: 32.296 Thread 0x000002521f6e4810 flushing  nmethod 0x000002520c16a110
Event: 32.296 Thread 0x000002521f6e4810 flushing  nmethod 0x000002520c16cf90
Event: 32.296 Thread 0x000002521f6e4810 flushing  nmethod 0x000002520c16d310
Event: 32.296 Thread 0x000002521f6e4810 flushing  nmethod 0x000002520c17ae90
Event: 32.296 Thread 0x000002521f6e4810 flushing  nmethod 0x000002520c198710
Event: 32.296 Thread 0x000002521f6e4810 flushing  nmethod 0x000002520c1a7510
Event: 32.296 Thread 0x000002521f6e4810 flushing  nmethod 0x000002520c1b4990
Event: 32.296 Thread 0x000002521f6e4810 flushing  nmethod 0x000002520c1c8410
Event: 32.296 Thread 0x000002521f6e4810 flushing  nmethod 0x000002520c1d0a90
Event: 32.296 Thread 0x000002521f6e4810 flushing  nmethod 0x000002520c1e6a90
Event: 32.296 Thread 0x000002521f6e4810 flushing  nmethod 0x000002520c1fb590

Events (20 events):
Event: 43.383 Thread 0x0000025269075b90 Thread exited: 0x0000025269075b90
Event: 43.923 Thread 0x0000025269442060 Thread exited: 0x0000025269442060
Event: 98.166 Thread 0x0000025262b25b30 Thread exited: 0x0000025262b25b30
Event: 98.166 Thread 0x0000025262b28290 Thread exited: 0x0000025262b28290
Event: 98.166 Thread 0x0000025268a16b50 Thread exited: 0x0000025268a16b50
Event: 98.308 Thread 0x0000025262b28920 Thread exited: 0x0000025262b28920
Event: 158.180 Thread 0x0000025268a18590 Thread exited: 0x0000025268a18590
Event: 218.186 Thread 0x0000025268a164c0 Thread exited: 0x0000025268a164c0
Event: 278.190 Thread 0x0000025268a17f00 Thread exited: 0x0000025268a17f00
Event: 338.194 Thread 0x0000025268a12320 Thread exited: 0x0000025268a12320
Event: 398.206 Thread 0x0000025268a15e30 Thread exited: 0x0000025268a15e30
Event: 458.220 Thread 0x0000025268a171e0 Thread exited: 0x0000025268a171e0
Event: 7549.667 Thread 0x0000025268a15110 Thread added: 0x0000025268a12320
Event: 7609.710 Thread 0x0000025268a12320 Thread exited: 0x0000025268a12320
Event: 7906.532 Thread 0x0000025268a15110 Thread added: 0x0000025268a12320
Event: 7906.535 Thread 0x0000025268a12320 Thread added: 0x0000025268a17f00
Event: 7906.551 Thread 0x0000025268a12320 Thread added: 0x0000025268a18590
Event: 7906.657 Thread 0x000002520863be10 Thread added: 0x000002526708a280
Event: 7907.076 Thread 0x0000025268a12320 Thread added: 0x0000025268a15e30
Event: 7907.164 Thread 0x0000025262122c10 Thread added: 0x000002526ab5c250


Dynamic libraries:
0x00007ff60b460000 - 0x00007ff60b46e000 	c:\Users\096POEEIPHYU\.vscode\extensions\redhat.java-1.46.0-win32-x64\jre\21.0.8-win32-x86_64\bin\java.exe
0x00007ffadedc0000 - 0x00007ffadf028000 	C:\WINDOWS\SYSTEM32\ntdll.dll
0x00007ffade0f0000 - 0x00007ffade1b9000 	C:\WINDOWS\System32\KERNEL32.DLL
0x00007ffadc3e0000 - 0x00007ffadc7d2000 	C:\WINDOWS\System32\KERNELBASE.dll
0x00007ffadc130000 - 0x00007ffadc27b000 	C:\WINDOWS\System32\ucrtbase.dll
0x00007ffad1000000 - 0x00007ffad1018000 	c:\Users\096POEEIPHYU\.vscode\extensions\redhat.java-1.46.0-win32-x64\jre\21.0.8-win32-x86_64\bin\jli.dll
0x00007ffade3a0000 - 0x00007ffade565000 	C:\WINDOWS\System32\USER32.dll
0x00007ffadc3b0000 - 0x00007ffadc3d7000 	C:\WINDOWS\System32\win32u.dll
0x00007ffac76d0000 - 0x00007ffac76ee000 	c:\Users\096POEEIPHYU\.vscode\extensions\redhat.java-1.46.0-win32-x64\jre\21.0.8-win32-x86_64\bin\VCRUNTIME140.dll
0x00007ffadeb00000 - 0x00007ffadeb2b000 	C:\WINDOWS\System32\GDI32.dll
0x00007ffadc280000 - 0x00007ffadc3ad000 	C:\WINDOWS\System32\gdi32full.dll
0x00007ffabe3b0000 - 0x00007ffabe643000 	C:\WINDOWS\WinSxS\amd64_microsoft.windows.common-controls_6595b64144ccf1df_6.0.26100.6899_none_3e0efeeae32e88c1\COMCTL32.dll
0x00007ffade940000 - 0x00007ffade9e9000 	C:\WINDOWS\System32\msvcrt.dll
0x00007ffadc7e0000 - 0x00007ffadc883000 	C:\WINDOWS\System32\msvcp_win.dll
0x00007ffadeb30000 - 0x00007ffadeb5f000 	C:\WINDOWS\System32\IMM32.DLL
0x0000000180000000 - 0x000000018003e000 	C:\Program Files\Quality\ISMC\ISMCClient\ISMCFileHook64.dll
0x00007ffadccc0000 - 0x00007ffadcd22000 	C:\WINDOWS\System32\SHLWAPI.dll
0x00007ffaddd50000 - 0x00007ffadde04000 	C:\WINDOWS\System32\ADVAPI32.dll
0x00007ffaddf40000 - 0x00007ffaddfe6000 	C:\WINDOWS\System32\sechost.dll
0x00007ffada610000 - 0x00007ffada61b000 	C:\WINDOWS\SYSTEM32\VERSION.dll
0x00007ffaba3c0000 - 0x00007ffaba3e1000 	C:\WINDOWS\SYSTEM32\MPR.dll
0x00007ffadd6a0000 - 0x00007ffadd7b8000 	C:\WINDOWS\System32\RPCRT4.dll
0x00007ffadd500000 - 0x00007ffadd698000 	C:\WINDOWS\System32\ole32.dll
0x00007ffade5b0000 - 0x00007ffade92b000 	C:\WINDOWS\System32\combase.dll
0x00007ffadcdb0000 - 0x00007ffadd4fd000 	C:\WINDOWS\System32\SHELL32.dll
0x00007ffadc890000 - 0x00007ffadc9fb000 	C:\WINDOWS\System32\wintypes.dll
0x00007ffad3130000 - 0x00007ffad313c000 	c:\Users\096POEEIPHYU\.vscode\extensions\redhat.java-1.46.0-win32-x64\jre\21.0.8-win32-x86_64\bin\vcruntime140_1.dll
0x00007ffa88650000 - 0x00007ffa886dd000 	c:\Users\096POEEIPHYU\.vscode\extensions\redhat.java-1.46.0-win32-x64\jre\21.0.8-win32-x86_64\bin\msvcp140.dll
0x00007ff9ed2b0000 - 0x00007ff9ee047000 	c:\Users\096POEEIPHYU\.vscode\extensions\redhat.java-1.46.0-win32-x64\jre\21.0.8-win32-x86_64\bin\server\jvm.dll
0x00007ffadcd30000 - 0x00007ffadcda4000 	C:\WINDOWS\System32\WS2_32.dll
0x00007ffadbda0000 - 0x00007ffadbdfe000 	C:\WINDOWS\SYSTEM32\POWRPROF.dll
0x00007ffac0b00000 - 0x00007ffac0b35000 	C:\WINDOWS\SYSTEM32\WINMM.dll
0x00007ffadbd80000 - 0x00007ffadbd94000 	C:\WINDOWS\SYSTEM32\UMPDC.dll
0x00007ffadab80000 - 0x00007ffadab9b000 	C:\WINDOWS\SYSTEM32\kernel.appcore.dll
0x00007ffad1320000 - 0x00007ffad132a000 	c:\Users\096POEEIPHYU\.vscode\extensions\redhat.java-1.46.0-win32-x64\jre\21.0.8-win32-x86_64\bin\jimage.dll
0x00007ffad9180000 - 0x00007ffad93c2000 	C:\WINDOWS\SYSTEM32\DBGHELP.DLL
0x00007ffadde10000 - 0x00007ffaddee7000 	C:\WINDOWS\System32\OLEAUT32.dll
0x00007ffab7f90000 - 0x00007ffab7fcc000 	C:\WINDOWS\SYSTEM32\dbgcore.DLL
0x00007ffadca00000 - 0x00007ffadca98000 	C:\WINDOWS\System32\bcryptPrimitives.dll
0x00007ffad0f20000 - 0x00007ffad0f2f000 	c:\Users\096POEEIPHYU\.vscode\extensions\redhat.java-1.46.0-win32-x64\jre\21.0.8-win32-x86_64\bin\instrument.dll
0x00007ffac2f90000 - 0x00007ffac2faf000 	c:\Users\096POEEIPHYU\.vscode\extensions\redhat.java-1.46.0-win32-x64\jre\21.0.8-win32-x86_64\bin\java.dll
0x00007ffad96d0000 - 0x00007ffad9f2d000 	C:\WINDOWS\SYSTEM32\windows.storage.dll
0x00007ffade280000 - 0x00007ffade372000 	C:\WINDOWS\System32\SHCORE.dll
0x00007ffadbe40000 - 0x00007ffadbe69000 	C:\WINDOWS\SYSTEM32\profapi.dll
0x00007ffac15b0000 - 0x00007ffac15c8000 	c:\Users\096POEEIPHYU\.vscode\extensions\redhat.java-1.46.0-win32-x64\jre\21.0.8-win32-x86_64\bin\zip.dll
0x00007ffac1b00000 - 0x00007ffac1b10000 	C:\Users\096POEEIPHYU\.vscode\extensions\redhat.java-1.46.0-win32-x64\jre\21.0.8-win32-x86_64\bin\net.dll
0x00007ffadaba0000 - 0x00007ffadacbf000 	C:\WINDOWS\SYSTEM32\WINHTTP.dll
0x00007ffadb200000 - 0x00007ffadb26b000 	C:\WINDOWS\system32\mswsock.dll
0x00007ffac1590000 - 0x00007ffac15a6000 	C:\Users\096POEEIPHYU\.vscode\extensions\redhat.java-1.46.0-win32-x64\jre\21.0.8-win32-x86_64\bin\nio.dll
0x00007ffac18d0000 - 0x00007ffac18e0000 	c:\Users\096POEEIPHYU\.vscode\extensions\redhat.java-1.46.0-win32-x64\jre\21.0.8-win32-x86_64\bin\verify.dll
0x00007ffa87eb0000 - 0x00007ffa87ef4000 	C:\Users\096POEEIPHYU\AppData\Roaming\Code\User\globalStorage\redhat.java\1.46.0\config_win\org.eclipse.equinox.launcher\org.eclipse.equinox.launcher.win32.win32.x86_64_1.2.1400.v20250801-0854\eclipse_11916.dll
0x00007ffadb5e0000 - 0x00007ffadb5fb000 	C:\WINDOWS\SYSTEM32\CRYPTSP.dll
0x00007ffadaae0000 - 0x00007ffadab1b000 	C:\WINDOWS\system32\rsaenh.dll
0x00007ffadb2a0000 - 0x00007ffadb2cb000 	C:\WINDOWS\SYSTEM32\USERENV.dll
0x00007ffadbe10000 - 0x00007ffadbe36000 	C:\WINDOWS\SYSTEM32\bcrypt.dll
0x00007ffadb440000 - 0x00007ffadb44c000 	C:\WINDOWS\SYSTEM32\CRYPTBASE.dll
0x00007ffada190000 - 0x00007ffada1c4000 	C:\WINDOWS\SYSTEM32\IPHLPAPI.DLL
0x00007ffade930000 - 0x00007ffade93a000 	C:\WINDOWS\System32\NSI.dll
0x00007ffa754f0000 - 0x00007ffa75539000 	C:\Users\096POEEIPHYU\AppData\Local\Temp\jna-1066318513\jna12925418192267156902.dll
0x00007ffadeaf0000 - 0x00007ffadeaf8000 	C:\WINDOWS\System32\PSAPI.DLL
0x00007ffad3810000 - 0x00007ffad382e000 	C:\WINDOWS\SYSTEM32\dhcpcsvc6.DLL
0x00007ffad35f0000 - 0x00007ffad3613000 	C:\WINDOWS\SYSTEM32\dhcpcsvc.DLL
0x00007ffad6990000 - 0x00007ffad699e000 	C:\Users\096POEEIPHYU\.vscode\extensions\redhat.java-1.46.0-win32-x64\jre\21.0.8-win32-x86_64\bin\sunmscapi.dll
0x00007ffadbf20000 - 0x00007ffadc097000 	C:\WINDOWS\System32\CRYPT32.dll
0x00007ffadb720000 - 0x00007ffadb750000 	C:\WINDOWS\SYSTEM32\ncrypt.dll
0x00007ffadb6d0000 - 0x00007ffadb70f000 	C:\WINDOWS\SYSTEM32\NTASN1.dll

JVMTI agents:
c:\Users\096POEEIPHYU\.vscode\extensions\redhat.java-1.46.0-win32-x64\lombok\lombok-1.18.39-4050.jar path:c:\Users\096POEEIPHYU\.vscode\extensions\redhat.java-1.46.0-win32-x64\jre\21.0.8-win32-x86_64\bin\instrument.dll, loaded, initialized, instrumentlib options:none

dbghelp: loaded successfully - version: 4.0.5 - missing functions: none
symbol engine: initialized successfully - sym options: 0x614 - pdb path: .;c:\Users\096POEEIPHYU\.vscode\extensions\redhat.java-1.46.0-win32-x64\jre\21.0.8-win32-x86_64\bin;C:\WINDOWS\SYSTEM32;C:\WINDOWS\WinSxS\amd64_microsoft.windows.common-controls_6595b64144ccf1df_6.0.26100.6899_none_3e0efeeae32e88c1;C:\Program Files\Quality\ISMC\ISMCClient;c:\Users\096POEEIPHYU\.vscode\extensions\redhat.java-1.46.0-win32-x64\jre\21.0.8-win32-x86_64\bin\server;C:\Users\096POEEIPHYU\AppData\Roaming\Code\User\globalStorage\redhat.java\1.46.0\config_win\org.eclipse.equinox.launcher\org.eclipse.equinox.launcher.win32.win32.x86_64_1.2.1400.v20250801-0854;C:\Users\096POEEIPHYU\AppData\Local\Temp\jna-1066318513

VM Arguments:
jvm_args: --add-modules=ALL-SYSTEM --add-opens=java.base/java.util=ALL-UNNAMED --add-opens=java.base/java.lang=ALL-UNNAMED --add-opens=java.base/sun.nio.fs=ALL-UNNAMED -Declipse.application=org.eclipse.jdt.ls.core.id1 -Dosgi.bundles.defaultStartLevel=4 -Declipse.product=org.eclipse.jdt.ls.core.product -Djava.import.generatesMetadataFilesAtProjectRoot=false -DDetectVMInstallationsJob.disabled=true -Dfile.encoding=utf8 -XX:+UseParallelGC -XX:GCTimeRatio=4 -XX:AdaptiveSizePolicyWeight=90 -Dsun.zip.disableMemoryMapping=true -Xmx2G -Xms100m -Xlog:disable -javaagent:c:\Users\096POEEIPHYU\.vscode\extensions\redhat.java-1.46.0-win32-x64\lombok\lombok-1.18.39-4050.jar -XX:+HeapDumpOnOutOfMemoryError -XX:HeapDumpPath=c:\Users\096POEEIPHYU\AppData\Roaming\Code\User\workspaceStorage\238745f4fdc14cbabb597dbae08a20e0\redhat.java -Daether.dependencyCollector.impl=bf 
java_command: c:\Users\096POEEIPHYU\.vscode\extensions\redhat.java-1.46.0-win32-x64\server\plugins\org.eclipse.equinox.launcher_1.7.0.v20250519-0528.jar -configuration c:\Users\096POEEIPHYU\AppData\Roaming\Code\User\globalStorage\redhat.java\1.46.0\config_win -data c:\Users\096POEEIPHYU\AppData\Roaming\Code\User\workspaceStorage\238745f4fdc14cbabb597dbae08a20e0\redhat.java\jdt_ws --pipe=\\.\pipe\lsp-0b6b944cc116df9e43bb11b608142bc5-sock
java_class_path (initial): c:\Users\096POEEIPHYU\.vscode\extensions\redhat.java-1.46.0-win32-x64\server\plugins\org.eclipse.equinox.launcher_1.7.0.v20250519-0528.jar
Launcher Type: SUN_STANDARD

[Global flags]
    uintx AdaptiveSizePolicyWeight                 = 90                                        {product} {command line}
     intx CICompilerCount                          = 4                                         {product} {ergonomic}
    uintx GCTimeRatio                              = 4                                         {product} {command line}
     bool HeapDumpOnOutOfMemoryError               = true                                   {manageable} {command line}
    ccstr HeapDumpPath                             = c:\Users\096POEEIPHYU\AppData\Roaming\Code\User\workspaceStorage\238745f4fdc14cbabb597dbae08a20e0\redhat.java         {manageable} {command line}
   size_t InitialHeapSize                          = 104857600                                 {product} {command line}
   size_t MaxHeapSize                              = 2147483648                                {product} {command line}
   size_t MaxNewSize                               = 715653120                                 {product} {ergonomic}
   size_t MinHeapDeltaBytes                        = 524288                                    {product} {ergonomic}
   size_t MinHeapSize                              = 104857600                                 {product} {command line}
   size_t NewSize                                  = 34603008                                  {product} {ergonomic}
    uintx NonNMethodCodeHeapSize                   = 5839372                                {pd product} {ergonomic}
    uintx NonProfiledCodeHeapSize                  = 122909434                              {pd product} {ergonomic}
   size_t OldSize                                  = 70254592                                  {product} {ergonomic}
    uintx ProfiledCodeHeapSize                     = 122909434                              {pd product} {ergonomic}
    uintx ReservedCodeCacheSize                    = 251658240                              {pd product} {ergonomic}
     bool SegmentedCodeCache                       = true                                      {product} {ergonomic}
   size_t SoftMaxHeapSize                          = 2147483648                             {manageable} {ergonomic}
     bool UseCompressedOops                        = true                           {product lp64_product} {ergonomic}
     bool UseLargePagesIndividualAllocation        = false                                  {pd product} {ergonomic}
     bool UseParallelGC                            = true                                      {product} {command line}

Logging:
Log output configuration:
 #0: stdout all=off uptime,level,tags foldmultilines=false
 #1: stderr all=off uptime,level,tags foldmultilines=false

Environment Variables:
JAVA_HOME=C:\Program Files\Java\jdk-17
PATH=C:\Program Files\Common Files\Oracle\Java\javapath;C:\Program Files\MySQL\MySQL Server 5.7\bin;C:\Python39\Scripts\;C:\Python39\;C:\WINDOWS\system32;C:\WINDOWS;C:\WINDOWS\System32\Wbem;C:\WINDOWS\System32\WindowsPowerShell\v1.0\;C:\WINDOWS\System32\OpenSSH\;C:\ProgramData\chocolatey\bin;C:\xampp\php;C:\ProgramData\ComposerSetup\bin;C:\Program Files\Amazon\AWSCLIV2\;C:\Program Files\Java\jdk-11\bin;C:\Program Files\Git\cmd;%MAVEN_HOME%\bin;C:\Program Files\dotnet\;C:\Program Files (x86)\dotnet\;C:\Program Files\Microsoft SQL Server\Client SDK\ODBC\170\Tools\Binn\;C:\Program Files (x86)\Microsoft SQL Server\150\Tools\Binn\;C:\Program Files\Microsoft SQL Server\150\Tools\Binn\;C:\Program Files\Microsoft SQL Server\150\DTS\Binn\;C:\Program Files (x86)\Microsoft SQL Server\150\DTS\Binn\;C:\Program Files\Azure Data Studio\bin;C:\Program Files\MySQL\MySQL Shell 8.0\bin\;C:\Users\096POEEIPHYU\AppData\Local\Programs\Python\Python39\Scripts\;C:\Users\096POEEIPHYU\AppData\Local\Programs\Python\Python39\;C:\Users\096POEEIPHYU\AppData\Local\Microsoft\WindowsApps;C:\Program Files\Java\jdk-17\bin;C:\Users\096POEEIPHYU\AppData\Local\Programs\Microsoft VS Code\bin;C:\Program Files\Maven\apache-maven-3.6.3\bin;C:\Program Files\Azure Data Studio\bin;C:\Users\096POEEIPHYU\.dotnet\tools;
USERNAME=096POEEIPHYU
OS=Windows_NT
PROCESSOR_IDENTIFIER=Intel64 Family 6 Model 142 Stepping 12, GenuineIntel
TMP=C:\Users\096POE~1\AppData\Local\Temp
TEMP=C:\Users\096POE~1\AppData\Local\Temp




Periodic native trim disabled

---------------  S Y S T E M  ---------------

OS:
 Windows 11 , 64 bit Build 26100 (10.0.26100.6725)
OS uptime: 2 days 16:54 hours
Hyper-V role detected

CPU: total 8 (initial active 8) (4 cores per cpu, 2 threads per core) family 6 model 142 stepping 12 microcode 0x100, cx8, cmov, fxsr, ht, mmx, 3dnowpref, sse, sse2, sse3, ssse3, sse4.1, sse4.2, popcnt, lzcnt, tsc, tscinvbit, avx, avx2, aes, erms, clmul, bmi1, bmi2, adx, fma, vzeroupper, clflush, clflushopt, hv, rdtscp, f16c
Processor Information for the first 8 processors :
  Max Mhz: 1800, Current Mhz: 1600, Mhz Limit: 1584

Memory: 4k page, system-wide physical 16190M (2244M free)
TotalPageFile size 22965M (AvailPageFile size 12M)
current process WorkingSet (physical memory assigned to process): 194M, peak: 407M
current process commit charge ("private bytes"): 451M, peak: 472M

vm_info: OpenJDK 64-Bit Server VM (21.0.8+9-LTS) for windows-amd64 JRE (21.0.8+9-LTS), built on 2025-07-15T00:00:00Z by "admin" with MS VC++ 17.7 (VS2022)

END.
