#
# There is insufficient memory for the Java Runtime Environment to continue.
# Native memory allocation (malloc) failed to allocate 517280 bytes. Error detail: Chunk::new
# Possible reasons:
#   The system is out of physical RAM or swap space
#   This process is running with CompressedOops enabled, and the Java Heap may be blocking the growth of the native heap
# Possible solutions:
#   Reduce memory load on the system
#   Increase physical memory or swap space
#   Check if swap backing store is full
#   Decrease Java heap size (-Xmx/-Xms)
#   Decrease number of Java threads
#   Decrease Java thread stack sizes (-Xss)
#   Set larger code cache with -XX:ReservedCodeCacheSize=
#   JVM is running with Unscaled Compressed Oops mode in which the Java heap is
#     placed in the first 4GB address space. The Java Heap base address is the
#     maximum limit for the native heap growth. Please use -XX:HeapBaseMinAddress
#     to set the Java Heap base and to place the Java Heap above 4GB virtual address.
# This output file may be truncated or incomplete.
#
#  Out of Memory Error (arena.cpp:168), pid=38268, tid=792
#
# JRE version: OpenJDK Runtime Environment Temurin-21.0.8+9 (21.0.8+9) (build 21.0.8+9-LTS)
# Java VM: OpenJDK 64-Bit Server VM Temurin-21.0.8+9 (21.0.8+9-LTS, mixed mode, sharing, tiered, compressed oops, compressed class ptrs, parallel gc, windows-amd64)
# No core dump will be written. Minidumps are not enabled by default on client versions of Windows
#

---------------  S U M M A R Y ------------

Command Line: --add-modules=ALL-SYSTEM --add-opens=java.base/java.util=ALL-UNNAMED --add-opens=java.base/java.lang=ALL-UNNAMED --add-opens=java.base/sun.nio.fs=ALL-UNNAMED -Declipse.application=org.eclipse.jdt.ls.core.id1 -Dosgi.bundles.defaultStartLevel=4 -Declipse.product=org.eclipse.jdt.ls.core.product -Djava.import.generatesMetadataFilesAtProjectRoot=false -DDetectVMInstallationsJob.disabled=true -Dfile.encoding=utf8 -XX:+UseParallelGC -XX:GCTimeRatio=4 -XX:AdaptiveSizePolicyWeight=90 -Dsun.zip.disableMemoryMapping=true -Xmx2G -Xms100m -Xlog:disable -javaagent:c:\Users\096POEEIPHYU\.vscode\extensions\redhat.java-1.46.0-win32-x64\lombok\lombok-1.18.39-4050.jar c:\Users\096POEEIPHYU\.vscode\extensions\redhat.java-1.46.0-win32-x64\server\plugins\org.eclipse.equinox.launcher_1.7.0.v20250519-0528.jar -configuration c:\Users\096POEEIPHYU\AppData\Roaming\Code\User\globalStorage\redhat.java\1.46.0\config_ss_win -data c:\Users\096POEEIPHYU\AppData\Roaming\Code\User\workspaceStorage\238745f4fdc14cbabb597dbae08a20e0\redhat.java\ss_ws --pipe=\\.\pipe\lsp-e3a207470cfa9212d51e6991e0925aa6-sock

Host: Intel(R) Core(TM) i5-8265U CPU @ 1.60GHz, 8 cores, 15G,  Windows 11 , 64 bit Build 26100 (10.0.26100.6725)
Time: Tue Oct 21 21:06:51 2025 elapsed time: 19.170498 seconds (0d 0h 0m 19s)

---------------  T H R E A D  ---------------

Current thread (0x000002539de4c5c0):  JavaThread "C2 CompilerThread1" daemon [_thread_in_native, id=792, stack(0x000000dfebf00000,0x000000dfec000000) (1024K)]


Current CompileTask:
C2:19170 2851       4       jdk.internal.module.SystemModuleFinders$SystemModuleReader::containsImageLocation (42 bytes)

Stack: [0x000000dfebf00000,0x000000dfec000000]
Native frames: (J=compiled Java code, j=interpreted, Vv=VM code, C=native code)
V  [jvm.dll+0x6d2449]
V  [jvm.dll+0x8ae341]
V  [jvm.dll+0x8b08be]
V  [jvm.dll+0x8b0fa3]
V  [jvm.dll+0x280c96]
V  [jvm.dll+0xc581d]
V  [jvm.dll+0xc5d53]
V  [jvm.dll+0x3b919c]
V  [jvm.dll+0x385315]
V  [jvm.dll+0x38477a]
V  [jvm.dll+0x248ed0]
V  [jvm.dll+0x2484af]
V  [jvm.dll+0x1c89ee]
V  [jvm.dll+0x257d4d]
V  [jvm.dll+0x2562ea]
V  [jvm.dll+0x3f2d16]
V  [jvm.dll+0x857e6b]
V  [jvm.dll+0x6d0b0d]
C  [ucrtbase.dll+0x37b0]
C  [KERNEL32.DLL+0x2e8d7]
C  [ntdll.dll+0x8c53c]


---------------  P R O C E S S  ---------------

Threads class SMR info:
_java_thread_list=0x000002539e2d5980, length=20, elements={
0x000002533d62ede0, 0x000002533fa89fe0, 0x000002533fa8ce50, 0x000002533fa8f8d0,
0x000002533fa92430, 0x000002533fa92e80, 0x000002533fa938d0, 0x000002533fa96710,
0x000002539d032130, 0x000002539d0ddd70, 0x000002539d348140, 0x000002539d79dfd0,
0x000002539d0a4ff0, 0x000002539d5458e0, 0x000002539d5332b0, 0x000002539d16f110,
0x000002539db14d10, 0x000002539d4d5c70, 0x000002539d4d66a0, 0x000002539de4c5c0
}

Java Threads: ( => current thread )
  0x000002533d62ede0 JavaThread "main"                              [_thread_blocked, id=21624, stack(0x000000dfea200000,0x000000dfea300000) (1024K)]
  0x000002533fa89fe0 JavaThread "Reference Handler"          daemon [_thread_blocked, id=28048, stack(0x000000dfea600000,0x000000dfea700000) (1024K)]
  0x000002533fa8ce50 JavaThread "Finalizer"                  daemon [_thread_blocked, id=37388, stack(0x000000dfea700000,0x000000dfea800000) (1024K)]
  0x000002533fa8f8d0 JavaThread "Signal Dispatcher"          daemon [_thread_blocked, id=15948, stack(0x000000dfea800000,0x000000dfea900000) (1024K)]
  0x000002533fa92430 JavaThread "Attach Listener"            daemon [_thread_blocked, id=16356, stack(0x000000dfea900000,0x000000dfeaa00000) (1024K)]
  0x000002533fa92e80 JavaThread "Service Thread"             daemon [_thread_blocked, id=4656, stack(0x000000dfeaa00000,0x000000dfeab00000) (1024K)]
  0x000002533fa938d0 JavaThread "Monitor Deflation Thread"   daemon [_thread_blocked, id=9028, stack(0x000000dfeab00000,0x000000dfeac00000) (1024K)]
  0x000002533fa96710 JavaThread "C2 CompilerThread0"         daemon [_thread_in_native, id=32120, stack(0x000000dfeac00000,0x000000dfead00000) (1024K)]
  0x000002539d032130 JavaThread "C1 CompilerThread0"         daemon [_thread_blocked, id=18968, stack(0x000000dfead00000,0x000000dfeae00000) (1024K)]
  0x000002539d0ddd70 JavaThread "Common-Cleaner"             daemon [_thread_blocked, id=37260, stack(0x000000dfeae00000,0x000000dfeaf00000) (1024K)]
  0x000002539d348140 JavaThread "Notification Thread"        daemon [_thread_blocked, id=18932, stack(0x000000dfeaf00000,0x000000dfeb000000) (1024K)]
  0x000002539d79dfd0 JavaThread "Active Thread: Equinox Container: 5100f380-2f5d-488f-92ba-ec3acb392cab"        [_thread_blocked, id=16944, stack(0x000000dfeb600000,0x000000dfeb700000) (1024K)]
  0x000002539d0a4ff0 JavaThread "Framework Event Dispatcher: Equinox Container: 5100f380-2f5d-488f-92ba-ec3acb392cab" daemon [_thread_blocked, id=24672, stack(0x000000dfeb700000,0x000000dfeb800000) (1024K)]
  0x000002539d5458e0 JavaThread "Start Level: Equinox Container: 5100f380-2f5d-488f-92ba-ec3acb392cab" daemon [_thread_in_Java, id=21840, stack(0x000000dfeb800000,0x000000dfeb900000) (1024K)]
  0x000002539d5332b0 JavaThread "SCR Component Actor"        daemon [_thread_blocked, id=38464, stack(0x000000dfeba00000,0x000000dfebb00000) (1024K)]
  0x000002539d16f110 JavaThread "Worker-JM"                         [_thread_blocked, id=30624, stack(0x000000dfebb00000,0x000000dfebc00000) (1024K)]
  0x000002539db14d10 JavaThread "JNA Cleaner"                daemon [_thread_blocked, id=37024, stack(0x000000dfebc00000,0x000000dfebd00000) (1024K)]
  0x000002539d4d5c70 JavaThread "Worker-0"                          [_thread_blocked, id=3108, stack(0x000000dfebd00000,0x000000dfebe00000) (1024K)]
  0x000002539d4d66a0 JavaThread "Worker-1"                          [_thread_blocked, id=5916, stack(0x000000dfebe00000,0x000000dfebf00000) (1024K)]
=>0x000002539de4c5c0 JavaThread "C2 CompilerThread1"         daemon [_thread_in_native, id=792, stack(0x000000dfebf00000,0x000000dfec000000) (1024K)]
Total: 20

Other Threads:
  0x000002533f977780 VMThread "VM Thread"                           [id=11460, stack(0x000000dfea500000,0x000000dfea600000) (1024K)]
  0x000002533f86ca00 WatcherThread "VM Periodic Task Thread"        [id=18068, stack(0x000000dfea400000,0x000000dfea500000) (1024K)]
  0x000002533fa22e00 WorkerThread "GC Thread#0"                     [id=1536, stack(0x000000dfea300000,0x000000dfea400000) (1024K)]
  0x000002539d9cdaa0 WorkerThread "GC Thread#1"                     [id=37508, stack(0x000000dfeb000000,0x000000dfeb100000) (1024K)]
  0x000002539d8ba1d0 WorkerThread "GC Thread#2"                     [id=8452, stack(0x000000dfeb100000,0x000000dfeb200000) (1024K)]
  0x000002539d9cde40 WorkerThread "GC Thread#3"                     [id=33340, stack(0x000000dfeb200000,0x000000dfeb300000) (1024K)]
  0x000002539d9ce1e0 WorkerThread "GC Thread#4"                     [id=7192, stack(0x000000dfeb300000,0x000000dfeb400000) (1024K)]
  0x000002539d9ce580 WorkerThread "GC Thread#5"                     [id=34356, stack(0x000000dfeb400000,0x000000dfeb500000) (1024K)]
  0x000002539d9ce920 WorkerThread "GC Thread#6"                     [id=28588, stack(0x000000dfeb500000,0x000000dfeb600000) (1024K)]
  0x000002539d231df0 WorkerThread "GC Thread#7"                     [id=35072, stack(0x000000dfeb900000,0x000000dfeba00000) (1024K)]
Total: 10

Threads with active compile tasks:
C2 CompilerThread0  19396 2852       4       jdk.internal.jimage.BasicImageReader::verifyLocation (39 bytes)
C2 CompilerThread1  19396 2851       4       jdk.internal.module.SystemModuleFinders$SystemModuleReader::containsImageLocation (42 bytes)
Total: 2

VM state: not at safepoint (normal execution)

VM Mutex/Monitor currently owned by a thread: None

Heap address: 0x0000000080000000, size: 2048 MB, Compressed Oops mode: 32-bit

CDS archive(s) mapped at: [0x0000025357000000-0x0000025357ba0000-0x0000025357ba0000), size 12189696, SharedBaseAddress: 0x0000025357000000, ArchiveRelocationMode: 1.
Compressed class space mapped at: 0x0000025358000000-0x0000025398000000, reserved size: 1073741824
Narrow klass base: 0x0000025357000000, Narrow klass shift: 0, Narrow klass range: 0x100000000

GC Precious Log:
 CardTable entry size: 512
 CPUs: 8 total, 8 available
 Memory: 16190M
 Large Page Support: Disabled
 NUMA Support: Disabled
 Compressed Oops: Enabled (32-bit)
 Alignments: Space 512K, Generation 512K, Heap 2M
 Heap Min Capacity: 100M
 Heap Initial Capacity: 100M
 Heap Max Capacity: 2G
 Pre-touch: Disabled
 Parallel Workers: 8

Heap:
 PSYoungGen      total 29696K, used 24380K [0x00000000d5580000, 0x00000000d7780000, 0x0000000100000000)
  eden space 25088K, 97% used [0x00000000d5580000,0x00000000d6d4f0f0,0x00000000d6e00000)
  from space 4608K, 0% used [0x00000000d7300000,0x00000000d7300000,0x00000000d7780000)
  to   space 4608K, 0% used [0x00000000d6e80000,0x00000000d6e80000,0x00000000d7300000)
 ParOldGen       total 68608K, used 8886K [0x0000000080000000, 0x0000000084300000, 0x00000000d5580000)
  object space 68608K, 12% used [0x0000000080000000,0x00000000808ada10,0x0000000084300000)
 Metaspace       used 22810K, committed 23488K, reserved 1114112K
  class space    used 2209K, committed 2560K, reserved 1048576K

Card table byte_map: [0x000002533f380000,0x000002533f790000] _byte_map_base: 0x000002533ef80000

Marking Bits: (ParMarkBitMap*) 0x00007ff9f641a340
 Begin Bits: [0x0000025351e80000, 0x0000025353e80000)
 End Bits:   [0x0000025353e80000, 0x0000025355e80000)

Polling page: 0x000002533d780000

Metaspace:

Usage:
  Non-class:     20.12 MB used.
      Class:      2.16 MB used.
       Both:     22.28 MB used.

Virtual space:
  Non-class space:       64.00 MB reserved,      20.44 MB ( 32%) committed,  1 nodes.
      Class space:        1.00 GB reserved,       2.50 MB ( <1%) committed,  1 nodes.
             Both:        1.06 GB reserved,      22.94 MB (  2%) committed. 

Chunk freelists:
   Non-Class:  11.50 MB
       Class:  13.44 MB
        Both:  24.94 MB

MaxMetaspaceSize: unlimited
CompressedClassSpaceSize: 1.00 GB
Initial GC threshold: 21.00 MB
Current GC threshold: 35.00 MB
CDS: on
 - commit_granule_bytes: 65536.
 - commit_granule_words: 8192.
 - virtual_space_node_default_size: 8388608.
 - enlarge_chunks_in_place: 1.
 - use_allocation_guard: 0.


Internal statistics:

num_allocs_failed_limit: 3.
num_arena_births: 510.
num_arena_deaths: 14.
num_vsnodes_births: 2.
num_vsnodes_deaths: 0.
num_space_committed: 367.
num_space_uncommitted: 0.
num_chunks_returned_to_freelist: 17.
num_chunks_taken_from_freelist: 1353.
num_chunk_merges: 7.
num_chunk_splits: 881.
num_chunks_enlarged: 591.
num_inconsistent_stats: 0.

CodeHeap 'non-profiled nmethods': size=120000Kb used=1378Kb max_used=1378Kb free=118621Kb
 bounds [0x000002534a6a0000, 0x000002534a910000, 0x0000025351bd0000]
CodeHeap 'profiled nmethods': size=120000Kb used=5705Kb max_used=5705Kb free=114294Kb
 bounds [0x0000025342bd0000, 0x0000025343170000, 0x000002534a100000]
CodeHeap 'non-nmethods': size=5760Kb used=1319Kb max_used=1374Kb free=4440Kb
 bounds [0x000002534a100000, 0x000002534a370000, 0x000002534a6a0000]
CodeCache: size=245760Kb, used=8402Kb, max_used=8457Kb, free=237355Kb
 total_blobs=3501, nmethods=2894, adapters=513, full_count=0
Compilation: enabled, stopped_count=0, restarted_count=0

Compilation events (20 events):
Event: 19.069 Thread 0x000002539d032130 2866       3       java.util.PropertyResourceBundle::handleGetObject (23 bytes)
Event: 19.070 Thread 0x000002539d032130 nmethod 2866 0x0000025343152290 code [0x0000025343152460, 0x0000025343152730]
Event: 19.070 Thread 0x000002539d032130 2869       3       jdk.internal.reflect.MethodHandleObjectFieldAccessorImpl::fieldAccessor (96 bytes)
Event: 19.072 Thread 0x000002539d032130 nmethod 2869 0x0000025343152810 code [0x0000025343152b20, 0x0000025343153a38]
Event: 19.072 Thread 0x000002539d032130 2867  s!   3       org.eclipse.osgi.util.NLS$MessagesProperties::put (154 bytes)
Event: 19.075 Thread 0x000002539d032130 nmethod 2867 0x0000025343153f10 code [0x0000025343154360, 0x0000025343155fb8]
Event: 19.075 Thread 0x000002539d032130 2868       3       java.lang.invoke.LambdaForm$MH/0x000002535817c400::invoke (39 bytes)
Event: 19.076 Thread 0x000002539d032130 nmethod 2868 0x0000025343156a10 code [0x0000025343156c60, 0x0000025343157920]
Event: 19.076 Thread 0x000002539d032130 2870       3       java.lang.invoke.MethodHandle::isSafeToCache (14 bytes)
Event: 19.077 Thread 0x000002539d032130 nmethod 2870 0x0000025343157c90 code [0x0000025343157e40, 0x0000025343157fb8]
Event: 19.077 Thread 0x000002539d032130 2871       3       java.lang.invoke.MethodHandle::setAsTypeCache (33 bytes)
Event: 19.077 Thread 0x000002539d032130 nmethod 2871 0x0000025343158090 code [0x0000025343158280, 0x0000025343158770]
Event: 19.085 Thread 0x000002539de4c5c0 nmethod 2853 0x000002534a7efe10 code [0x000002534a7f0060, 0x000002534a7f1510]
Event: 19.086 Thread 0x000002539de4c5c0 2864       4       java.lang.invoke.LambdaForm::uncustomize (57 bytes)
Event: 19.087 Thread 0x000002539de4c5c0 nmethod 2864 0x000002534a7f1e90 code [0x000002534a7f2020, 0x000002534a7f20d0]
Event: 19.087 Thread 0x000002539de4c5c0 2851       4       jdk.internal.module.SystemModuleFinders$SystemModuleReader::containsImageLocation (42 bytes)
Event: 19.137 Thread 0x000002539d032130 2873       3       java.net.URI::isOpaque (13 bytes)
Event: 19.137 Thread 0x000002539d032130 nmethod 2873 0x0000025343158990 code [0x0000025343158b20, 0x0000025343158c80]
Event: 19.145 Thread 0x000002539d032130 2874       3       java.util.regex.Matcher::matches (10 bytes)
Event: 19.146 Thread 0x000002539d032130 nmethod 2874 0x0000025343158d10 code [0x0000025343158ec0, 0x0000025343159008]

GC Heap History (14 events):
Event: 5.354 GC heap before
{Heap before GC invocations=1 (full 0):
 PSYoungGen      total 29696K, used 25600K [0x00000000d5580000, 0x00000000d7680000, 0x0000000100000000)
  eden space 25600K, 100% used [0x00000000d5580000,0x00000000d6e80000,0x00000000d6e80000)
  from space 4096K, 0% used [0x00000000d7280000,0x00000000d7280000,0x00000000d7680000)
  to   space 4096K, 0% used [0x00000000d6e80000,0x00000000d6e80000,0x00000000d7280000)
 ParOldGen       total 68608K, used 0K [0x0000000080000000, 0x0000000084300000, 0x00000000d5580000)
  object space 68608K, 0% used [0x0000000080000000,0x0000000080000000,0x0000000084300000)
 Metaspace       used 4341K, committed 4608K, reserved 1114112K
  class space    used 474K, committed 576K, reserved 1048576K
}
Event: 5.374 GC heap after
{Heap after GC invocations=1 (full 0):
 PSYoungGen      total 29696K, used 3453K [0x00000000d5580000, 0x00000000d7680000, 0x0000000100000000)
  eden space 25600K, 0% used [0x00000000d5580000,0x00000000d5580000,0x00000000d6e80000)
  from space 4096K, 84% used [0x00000000d6e80000,0x00000000d71df428,0x00000000d7280000)
  to   space 4096K, 0% used [0x00000000d7280000,0x00000000d7280000,0x00000000d7680000)
 ParOldGen       total 68608K, used 0K [0x0000000080000000, 0x0000000084300000, 0x00000000d5580000)
  object space 68608K, 0% used [0x0000000080000000,0x0000000080000000,0x0000000084300000)
 Metaspace       used 4341K, committed 4608K, reserved 1114112K
  class space    used 474K, committed 576K, reserved 1048576K
}
Event: 10.372 GC heap before
{Heap before GC invocations=2 (full 0):
 PSYoungGen      total 29696K, used 29053K [0x00000000d5580000, 0x00000000d7680000, 0x0000000100000000)
  eden space 25600K, 100% used [0x00000000d5580000,0x00000000d6e80000,0x00000000d6e80000)
  from space 4096K, 84% used [0x00000000d6e80000,0x00000000d71df428,0x00000000d7280000)
  to   space 4096K, 0% used [0x00000000d7280000,0x00000000d7280000,0x00000000d7680000)
 ParOldGen       total 68608K, used 0K [0x0000000080000000, 0x0000000084300000, 0x00000000d5580000)
  object space 68608K, 0% used [0x0000000080000000,0x0000000080000000,0x0000000084300000)
 Metaspace       used 8163K, committed 8384K, reserved 1114112K
  class space    used 871K, committed 960K, reserved 1048576K
}
Event: 10.383 GC heap after
{Heap after GC invocations=2 (full 0):
 PSYoungGen      total 29696K, used 4091K [0x00000000d5580000, 0x00000000d7680000, 0x0000000100000000)
  eden space 25600K, 0% used [0x00000000d5580000,0x00000000d5580000,0x00000000d6e80000)
  from space 4096K, 99% used [0x00000000d7280000,0x00000000d767ed90,0x00000000d7680000)
  to   space 4096K, 0% used [0x00000000d6e80000,0x00000000d6e80000,0x00000000d7280000)
 ParOldGen       total 68608K, used 1023K [0x0000000080000000, 0x0000000084300000, 0x00000000d5580000)
  object space 68608K, 1% used [0x0000000080000000,0x00000000800ffeb8,0x0000000084300000)
 Metaspace       used 8163K, committed 8384K, reserved 1114112K
  class space    used 871K, committed 960K, reserved 1048576K
}
Event: 13.681 GC heap before
{Heap before GC invocations=3 (full 0):
 PSYoungGen      total 29696K, used 29691K [0x00000000d5580000, 0x00000000d7680000, 0x0000000100000000)
  eden space 25600K, 100% used [0x00000000d5580000,0x00000000d6e80000,0x00000000d6e80000)
  from space 4096K, 99% used [0x00000000d7280000,0x00000000d767ed90,0x00000000d7680000)
  to   space 4096K, 0% used [0x00000000d6e80000,0x00000000d6e80000,0x00000000d7280000)
 ParOldGen       total 68608K, used 1023K [0x0000000080000000, 0x0000000084300000, 0x00000000d5580000)
  object space 68608K, 1% used [0x0000000080000000,0x00000000800ffeb8,0x0000000084300000)
 Metaspace       used 13010K, committed 13504K, reserved 1114112K
  class space    used 1378K, committed 1600K, reserved 1048576K
}
Event: 13.689 GC heap after
{Heap after GC invocations=3 (full 0):
 PSYoungGen      total 29696K, used 4094K [0x00000000d5580000, 0x00000000d7680000, 0x0000000100000000)
  eden space 25600K, 0% used [0x00000000d5580000,0x00000000d5580000,0x00000000d6e80000)
  from space 4096K, 99% used [0x00000000d6e80000,0x00000000d727fb08,0x00000000d7280000)
  to   space 4096K, 0% used [0x00000000d7280000,0x00000000d7280000,0x00000000d7680000)
 ParOldGen       total 68608K, used 2833K [0x0000000080000000, 0x0000000084300000, 0x00000000d5580000)
  object space 68608K, 4% used [0x0000000080000000,0x00000000802c47e8,0x0000000084300000)
 Metaspace       used 13010K, committed 13504K, reserved 1114112K
  class space    used 1378K, committed 1600K, reserved 1048576K
}
Event: 16.476 GC heap before
{Heap before GC invocations=4 (full 0):
 PSYoungGen      total 29696K, used 29694K [0x00000000d5580000, 0x00000000d7680000, 0x0000000100000000)
  eden space 25600K, 100% used [0x00000000d5580000,0x00000000d6e80000,0x00000000d6e80000)
  from space 4096K, 99% used [0x00000000d6e80000,0x00000000d727fb08,0x00000000d7280000)
  to   space 4096K, 0% used [0x00000000d7280000,0x00000000d7280000,0x00000000d7680000)
 ParOldGen       total 68608K, used 2833K [0x0000000080000000, 0x0000000084300000, 0x00000000d5580000)
  object space 68608K, 4% used [0x0000000080000000,0x00000000802c47e8,0x0000000084300000)
 Metaspace       used 17060K, committed 17792K, reserved 1114112K
  class space    used 1796K, committed 2112K, reserved 1048576K
}
Event: 16.485 GC heap after
{Heap after GC invocations=4 (full 0):
 PSYoungGen      total 29696K, used 4092K [0x00000000d5580000, 0x00000000d7680000, 0x0000000100000000)
  eden space 25600K, 0% used [0x00000000d5580000,0x00000000d5580000,0x00000000d6e80000)
  from space 4096K, 99% used [0x00000000d7280000,0x00000000d767f288,0x00000000d7680000)
  to   space 4096K, 0% used [0x00000000d6e80000,0x00000000d6e80000,0x00000000d7280000)
 ParOldGen       total 68608K, used 4611K [0x0000000080000000, 0x0000000084300000, 0x00000000d5580000)
  object space 68608K, 6% used [0x0000000080000000,0x0000000080480ff0,0x0000000084300000)
 Metaspace       used 17060K, committed 17792K, reserved 1114112K
  class space    used 1796K, committed 2112K, reserved 1048576K
}
Event: 17.488 GC heap before
{Heap before GC invocations=5 (full 0):
 PSYoungGen      total 29696K, used 29692K [0x00000000d5580000, 0x00000000d7680000, 0x0000000100000000)
  eden space 25600K, 100% used [0x00000000d5580000,0x00000000d6e80000,0x00000000d6e80000)
  from space 4096K, 99% used [0x00000000d7280000,0x00000000d767f288,0x00000000d7680000)
  to   space 4096K, 0% used [0x00000000d6e80000,0x00000000d6e80000,0x00000000d7280000)
 ParOldGen       total 68608K, used 4611K [0x0000000080000000, 0x0000000084300000, 0x00000000d5580000)
  object space 68608K, 6% used [0x0000000080000000,0x0000000080480ff0,0x0000000084300000)
 Metaspace       used 20285K, committed 20992K, reserved 1114112K
  class space    used 2013K, committed 2304K, reserved 1048576K
}
Event: 17.493 GC heap after
{Heap after GC invocations=5 (full 0):
 PSYoungGen      total 29184K, used 4069K [0x00000000d5580000, 0x00000000d7800000, 0x0000000100000000)
  eden space 25088K, 0% used [0x00000000d5580000,0x00000000d5580000,0x00000000d6e00000)
  from space 4096K, 99% used [0x00000000d6e80000,0x00000000d72796b0,0x00000000d7280000)
  to   space 5120K, 0% used [0x00000000d7300000,0x00000000d7300000,0x00000000d7800000)
 ParOldGen       total 68608K, used 5026K [0x0000000080000000, 0x0000000084300000, 0x00000000d5580000)
  object space 68608K, 7% used [0x0000000080000000,0x00000000804e8890,0x0000000084300000)
 Metaspace       used 20285K, committed 20992K, reserved 1114112K
  class space    used 2013K, committed 2304K, reserved 1048576K
}
Event: 17.642 GC heap before
{Heap before GC invocations=6 (full 0):
 PSYoungGen      total 29184K, used 10243K [0x00000000d5580000, 0x00000000d7800000, 0x0000000100000000)
  eden space 25088K, 24% used [0x00000000d5580000,0x00000000d5b87918,0x00000000d6e00000)
  from space 4096K, 99% used [0x00000000d6e80000,0x00000000d72796b0,0x00000000d7280000)
  to   space 5120K, 0% used [0x00000000d7300000,0x00000000d7300000,0x00000000d7800000)
 ParOldGen       total 68608K, used 5026K [0x0000000080000000, 0x0000000084300000, 0x00000000d5580000)
  object space 68608K, 7% used [0x0000000080000000,0x00000000804e8890,0x0000000084300000)
 Metaspace       used 20817K, committed 21504K, reserved 1114112K
  class space    used 2052K, committed 2368K, reserved 1048576K
}
Event: 17.647 GC heap after
{Heap after GC invocations=6 (full 0):
 PSYoungGen      total 29696K, used 4507K [0x00000000d5580000, 0x00000000d7780000, 0x0000000100000000)
  eden space 25088K, 0% used [0x00000000d5580000,0x00000000d5580000,0x00000000d6e00000)
  from space 4608K, 97% used [0x00000000d7300000,0x00000000d7766cc8,0x00000000d7780000)
  to   space 4608K, 0% used [0x00000000d6e80000,0x00000000d6e80000,0x00000000d7300000)
 ParOldGen       total 68608K, used 5026K [0x0000000080000000, 0x0000000084300000, 0x00000000d5580000)
  object space 68608K, 7% used [0x0000000080000000,0x00000000804e8890,0x0000000084300000)
 Metaspace       used 20817K, committed 21504K, reserved 1114112K
  class space    used 2052K, committed 2368K, reserved 1048576K
}
Event: 17.647 GC heap before
{Heap before GC invocations=7 (full 1):
 PSYoungGen      total 29696K, used 4507K [0x00000000d5580000, 0x00000000d7780000, 0x0000000100000000)
  eden space 25088K, 0% used [0x00000000d5580000,0x00000000d5580000,0x00000000d6e00000)
  from space 4608K, 97% used [0x00000000d7300000,0x00000000d7766cc8,0x00000000d7780000)
  to   space 4608K, 0% used [0x00000000d6e80000,0x00000000d6e80000,0x00000000d7300000)
 ParOldGen       total 68608K, used 5026K [0x0000000080000000, 0x0000000084300000, 0x00000000d5580000)
  object space 68608K, 7% used [0x0000000080000000,0x00000000804e8890,0x0000000084300000)
 Metaspace       used 20817K, committed 21504K, reserved 1114112K
  class space    used 2052K, committed 2368K, reserved 1048576K
}
Event: 17.702 GC heap after
{Heap after GC invocations=7 (full 1):
 PSYoungGen      total 29696K, used 0K [0x00000000d5580000, 0x00000000d7780000, 0x0000000100000000)
  eden space 25088K, 0% used [0x00000000d5580000,0x00000000d5580000,0x00000000d6e00000)
  from space 4608K, 0% used [0x00000000d7300000,0x00000000d7300000,0x00000000d7780000)
  to   space 4608K, 0% used [0x00000000d6e80000,0x00000000d6e80000,0x00000000d7300000)
 ParOldGen       total 68608K, used 8886K [0x0000000080000000, 0x0000000084300000, 0x00000000d5580000)
  object space 68608K, 12% used [0x0000000080000000,0x00000000808ada10,0x0000000084300000)
 Metaspace       used 20805K, committed 21504K, reserved 1114112K
  class space    used 2048K, committed 2368K, reserved 1048576K
}

Dll operation events (10 events):
Event: 0.326 Loaded shared library c:\Users\096POEEIPHYU\.vscode\extensions\redhat.java-1.46.0-win32-x64\jre\21.0.8-win32-x86_64\bin\java.dll
Event: 0.566 Loaded shared library c:\Users\096POEEIPHYU\.vscode\extensions\redhat.java-1.46.0-win32-x64\jre\21.0.8-win32-x86_64\bin\zip.dll
Event: 0.947 Loaded shared library C:\Users\096POEEIPHYU\.vscode\extensions\redhat.java-1.46.0-win32-x64\jre\21.0.8-win32-x86_64\bin\instrument.dll
Event: 0.993 Loaded shared library C:\Users\096POEEIPHYU\.vscode\extensions\redhat.java-1.46.0-win32-x64\jre\21.0.8-win32-x86_64\bin\net.dll
Event: 1.054 Loaded shared library C:\Users\096POEEIPHYU\.vscode\extensions\redhat.java-1.46.0-win32-x64\jre\21.0.8-win32-x86_64\bin\nio.dll
Event: 1.076 Loaded shared library C:\Users\096POEEIPHYU\.vscode\extensions\redhat.java-1.46.0-win32-x64\jre\21.0.8-win32-x86_64\bin\zip.dll
Event: 1.182 Loaded shared library C:\Users\096POEEIPHYU\.vscode\extensions\redhat.java-1.46.0-win32-x64\jre\21.0.8-win32-x86_64\bin\jimage.dll
Event: 1.678 Loaded shared library c:\Users\096POEEIPHYU\.vscode\extensions\redhat.java-1.46.0-win32-x64\jre\21.0.8-win32-x86_64\bin\verify.dll
Event: 10.357 Loaded shared library C:\Users\096POEEIPHYU\AppData\Roaming\Code\User\globalStorage\redhat.java\1.46.0\config_ss_win\org.eclipse.equinox.launcher\org.eclipse.equinox.launcher.win32.win32.x86_64_1.2.1400.v20250801-0854\eclipse_11916.dll
Event: 15.582 Loaded shared library C:\Users\096POEEIPHYU\AppData\Local\Temp\jna-1066318513\jna13012545458533901366.dll

Deoptimization events (20 events):
Event: 16.302 Thread 0x000002539d5458e0 DEOPT PACKING pc=0x000002534a790a44 sp=0x000000dfeb8f2ff0
Event: 16.302 Thread 0x000002539d5458e0 DEOPT UNPACKING pc=0x000002534a153aa2 sp=0x000000dfeb8f2f98 mode 2
Event: 17.495 Thread 0x000002539d5458e0 Uncommon trap: trap_request=0xffffff45 fr.pc=0x000002534a7cfc84 relative=0x0000000000000164
Event: 17.495 Thread 0x000002539d5458e0 Uncommon trap: reason=unstable_if action=reinterpret pc=0x000002534a7cfc84 method=org.lombokweb.asm.ByteVector.putByteArray([BII)Lorg/lombokweb/asm/ByteVector; @ 20 c2
Event: 17.495 Thread 0x000002539d5458e0 DEOPT PACKING pc=0x000002534a7cfc84 sp=0x000000dfeb8f26d0
Event: 17.495 Thread 0x000002539d5458e0 DEOPT UNPACKING pc=0x000002534a153aa2 sp=0x000000dfeb8f26a0 mode 2
Event: 17.495 Thread 0x000002539d5458e0 Uncommon trap: trap_request=0xffffff45 fr.pc=0x000002534a7ce250 relative=0x0000000000000390
Event: 17.495 Thread 0x000002539d5458e0 Uncommon trap: reason=unstable_if action=reinterpret pc=0x000002534a7ce250 method=org.lombokweb.asm.Label.resolve([BLorg/lombokweb/asm/ByteVector;I)Z @ 81 c2
Event: 17.495 Thread 0x000002539d5458e0 DEOPT PACKING pc=0x000002534a7ce250 sp=0x000000dfeb8f2760
Event: 17.495 Thread 0x000002539d5458e0 DEOPT UNPACKING pc=0x000002534a153aa2 sp=0x000000dfeb8f2668 mode 2
Event: 18.016 Thread 0x000002539d5458e0 Uncommon trap: trap_request=0xffffffcc fr.pc=0x000002534a7b6c24 relative=0x0000000000000364
Event: 18.016 Thread 0x000002539d5458e0 Uncommon trap: reason=intrinsic_or_type_checked_inlining action=make_not_entrant pc=0x000002534a7b6c24 method=java.util.Arrays.copyOf([Ljava/lang/Object;ILjava/lang/Class;)[Ljava/lang/Object; @ 35 c2
Event: 18.016 Thread 0x000002539d5458e0 DEOPT PACKING pc=0x000002534a7b6c24 sp=0x000000dfeb8f9410
Event: 18.016 Thread 0x000002539d5458e0 DEOPT UNPACKING pc=0x000002534a153aa2 sp=0x000000dfeb8f93a0 mode 2
Event: 19.022 Thread 0x000002539d5458e0 DEOPT PACKING pc=0x0000025342d04d26 sp=0x000000dfeb8f7cf0
Event: 19.022 Thread 0x000002539d5458e0 DEOPT UNPACKING pc=0x000002534a154242 sp=0x000000dfeb8f71e8 mode 0
Event: 19.023 Thread 0x000002539d5458e0 DEOPT PACKING pc=0x0000025342d04d26 sp=0x000000dfeb8f7cf0
Event: 19.023 Thread 0x000002539d5458e0 DEOPT UNPACKING pc=0x000002534a154242 sp=0x000000dfeb8f71e8 mode 0
Event: 19.029 Thread 0x000002539d5458e0 DEOPT PACKING pc=0x0000025342d04d26 sp=0x000000dfeb8f7cf0
Event: 19.029 Thread 0x000002539d5458e0 DEOPT UNPACKING pc=0x000002534a154242 sp=0x000000dfeb8f71e8 mode 0

Classes loaded (20 events):
Event: 16.401 Loading class java/net/SocketTimeoutException
Event: 16.401 Loading class java/io/InterruptedIOException
Event: 16.401 Loading class java/io/InterruptedIOException done
Event: 16.401 Loading class java/net/SocketTimeoutException done
Event: 16.401 Loading class java/net/SocketException
Event: 16.401 Loading class java/net/SocketException done
Event: 16.401 Loading class java/net/UnknownHostException
Event: 16.402 Loading class java/net/UnknownHostException done
Event: 16.402 Loading class java/net/ProtocolException
Event: 16.402 Loading class java/net/ProtocolException done
Event: 16.489 Loading class java/lang/ThreadLocal$SuppliedThreadLocal
Event: 16.489 Loading class java/lang/ThreadLocal$SuppliedThreadLocal done
Event: 16.547 Loading class java/io/FileWriter
Event: 16.550 Loading class java/io/FileWriter done
Event: 16.550 Loading class java/lang/NegativeArraySizeException
Event: 16.550 Loading class java/lang/NegativeArraySizeException done
Event: 18.057 Loading class org/w3c/dom/DOMException
Event: 18.062 Loading class org/w3c/dom/DOMException done
Event: 19.146 Loading class sun/nio/fs/WindowsSecurityDescriptor
Event: 19.146 Loading class sun/nio/fs/WindowsSecurityDescriptor done

Classes unloaded (7 events):
Event: 17.659 Thread 0x000002533f977780 Unloading class 0x000002535818d000 'java/lang/invoke/LambdaForm$MH+0x000002535818d000'
Event: 17.659 Thread 0x000002533f977780 Unloading class 0x000002535818cc00 'java/lang/invoke/LambdaForm$MH+0x000002535818cc00'
Event: 17.659 Thread 0x000002533f977780 Unloading class 0x000002535818c800 'java/lang/invoke/LambdaForm$MH+0x000002535818c800'
Event: 17.659 Thread 0x000002533f977780 Unloading class 0x000002535818c400 'java/lang/invoke/LambdaForm$MH+0x000002535818c400'
Event: 17.659 Thread 0x000002533f977780 Unloading class 0x000002535818c000 'java/lang/invoke/LambdaForm$BMH+0x000002535818c000'
Event: 17.659 Thread 0x000002533f977780 Unloading class 0x000002535818bc00 'java/lang/invoke/LambdaForm$DMH+0x000002535818bc00'
Event: 17.659 Thread 0x000002533f977780 Unloading class 0x000002535818ac00 'java/lang/invoke/LambdaForm$DMH+0x000002535818ac00'

Classes redefined (0 events):
No events

Internal exceptions (20 events):
Event: 15.705 Thread 0x000002539d5458e0 Exception <a 'java/lang/NoSuchMethodError'{0x00000000d644cd78}: 'void java.lang.invoke.DelegatingMethodHandle$Holder.reinvoke_L(java.lang.Object, java.lang.Object, int)'> (0x00000000d644cd78) 
thrown [s\src\hotspot\share\interpreter\linkResolver.cpp, line 773]
Event: 15.706 Thread 0x000002539d5458e0 Exception <a 'java/lang/NoSuchMethodError'{0x00000000d6453a60}: 'int java.lang.invoke.Invokers$Holder.invokeExact_MT(java.lang.Object, java.lang.Object, java.lang.Object)'> (0x00000000d6453a60) 
thrown [s\src\hotspot\share\interpreter\linkResolver.cpp, line 773]
Event: 15.809 Thread 0x000002539d5458e0 Exception <a 'java/lang/NoSuchMethodError'{0x00000000d655f4a0}: 'void java.lang.invoke.Invokers$Holder.invokeExact_MT(java.lang.Object, java.lang.Object, int, java.lang.Object)'> (0x00000000d655f4a0) 
thrown [s\src\hotspot\share\interpreter\linkResolver.cpp, line 773]
Event: 15.904 Thread 0x000002539d5458e0 Exception <a 'java/lang/NoSuchMethodError'{0x00000000d665ac38}: 'java.lang.Object java.lang.invoke.DirectMethodHandle$Holder.invokeSpecial(java.lang.Object, java.lang.Object, java.lang.Object, long, java.lang.Object)'> (0x00000000d665ac38) 
thrown [s\src\hotspot\share\interpreter\linkResolver.cpp, line 773]
Event: 15.906 Thread 0x000002539d5458e0 Exception <a 'java/lang/NoSuchMethodError'{0x00000000d6662480}: 'java.lang.Object java.lang.invoke.DirectMethodHandle$Holder.newInvokeSpecial(java.lang.Object, java.lang.Object, java.lang.Object, long)'> (0x00000000d6662480) 
thrown [s\src\hotspot\share\interpreter\linkResolver.cpp, line 773]
Event: 15.906 Thread 0x000002539d5458e0 Exception <a 'java/lang/NoSuchMethodError'{0x00000000d6666870}: 'java.lang.Object java.lang.invoke.DirectMethodHandle$Holder.invokeSpecial(java.lang.Object, java.lang.Object, java.lang.Object, java.lang.Object, long)'> (0x00000000d6666870) 
thrown [s\src\hotspot\share\interpreter\linkResolver.cpp, line 773]
Event: 15.906 Thread 0x000002539d5458e0 Exception <a 'java/lang/NoSuchMethodError'{0x00000000d666a490}: 'java.lang.Object java.lang.invoke.Invokers$Holder.linkToTargetMethod(java.lang.Object, java.lang.Object, long, java.lang.Object)'> (0x00000000d666a490) 
thrown [s\src\hotspot\share\interpreter\linkResolver.cpp, line 773]
Event: 15.928 Thread 0x000002539d5458e0 Exception <a 'java/lang/NoSuchMethodError'{0x00000000d66dc1d8}: 'int java.lang.invoke.DirectMethodHandle$Holder.invokeStaticInit(java.lang.Object, java.lang.Object, java.lang.Object)'> (0x00000000d66dc1d8) 
thrown [s\src\hotspot\share\interpreter\linkResolver.cpp, line 773]
Event: 15.956 Thread 0x000002539d5458e0 Exception <a 'java/lang/IncompatibleClassChangeError'{0x00000000d676f118}: Found class java.lang.Object, but interface was expected> (0x00000000d676f118) 
thrown [s\src\hotspot\share\interpreter\linkResolver.cpp, line 840]
Event: 15.970 Thread 0x000002539d5458e0 Exception <a 'java/lang/NoSuchMethodError'{0x00000000d6781630}: 'java.lang.Object java.lang.invoke.DirectMethodHandle$Holder.invokeSpecial(java.lang.Object, java.lang.Object, java.lang.Object, int, java.lang.Object, java.lang.Object)'> (0x00000000d6781630) 
thrown [s\src\hotspot\share\interpreter\linkResolver.cpp, line 773]
Event: 15.973 Thread 0x000002539d5458e0 Exception <a 'java/lang/NoSuchMethodError'{0x00000000d6789108}: 'java.lang.Object java.lang.invoke.DirectMethodHandle$Holder.newInvokeSpecial(java.lang.Object, java.lang.Object, java.lang.Object, int, java.lang.Object)'> (0x00000000d6789108) 
thrown [s\src\hotspot\share\interpreter\linkResolver.cpp, line 773]
Event: 15.974 Thread 0x000002539d5458e0 Exception <a 'java/lang/NoSuchMethodError'{0x00000000d678d5b8}: 'java.lang.Object java.lang.invoke.DirectMethodHandle$Holder.invokeSpecial(java.lang.Object, java.lang.Object, java.lang.Object, java.lang.Object, int, java.lang.Object)'> (0x00000000d678d5b8) 
thrown [s\src\hotspot\share\interpreter\linkResolver.cpp, line 773]
Event: 15.974 Thread 0x000002539d5458e0 Exception <a 'java/lang/NoSuchMethodError'{0x00000000d67910f8}: 'java.lang.Object java.lang.invoke.Invokers$Holder.linkToTargetMethod(java.lang.Object, java.lang.Object, int, java.lang.Object, java.lang.Object)'> (0x00000000d67910f8) 
thrown [s\src\hotspot\share\interpreter\linkResolver.cpp, line 773]
Event: 15.976 Thread 0x000002539d4d5c70 Exception <a 'java/lang/NoSuchMethodError'{0x00000000d66b1688}: 'java.lang.Object java.lang.invoke.DirectMethodHandle$Holder.invokeSpecial(java.lang.Object, java.lang.Object, int, java.lang.Object, java.lang.Object)'> (0x00000000d66b1688) 
thrown [s\src\hotspot\share\interpreter\linkResolver.cpp, line 773]
Event: 15.977 Thread 0x000002539d4d5c70 Exception <a 'java/lang/NoSuchMethodError'{0x00000000d66b83c0}: 'java.lang.Object java.lang.invoke.DirectMethodHandle$Holder.newInvokeSpecial(java.lang.Object, java.lang.Object, int, java.lang.Object)'> (0x00000000d66b83c0) 
thrown [s\src\hotspot\share\interpreter\linkResolver.cpp, line 773]
Event: 15.978 Thread 0x000002539d4d5c70 Exception <a 'java/lang/NoSuchMethodError'{0x00000000d66bbce0}: 'java.lang.Object java.lang.invoke.DirectMethodHandle$Holder.invokeSpecial(java.lang.Object, java.lang.Object, java.lang.Object, int, java.lang.Object)'> (0x00000000d66bbce0) 
thrown [s\src\hotspot\share\interpreter\linkResolver.cpp, line 773]
Event: 16.038 Thread 0x000002539d5458e0 Exception <a 'java/lang/NoSuchMethodError'{0x00000000d68b4778}: 'void java.lang.invoke.DirectMethodHandle$Holder.invokeSpecial(java.lang.Object, java.lang.Object, java.lang.Object, java.lang.Object, java.lang.Object)'> (0x00000000d68b4778) 
thrown [s\src\hotspot\share\interpreter\linkResolver.cpp, line 773]
Event: 16.222 Thread 0x000002539d5458e0 Exception <a 'java/lang/NoSuchMethodError'{0x00000000d6acec28}: 'double java.lang.invoke.DirectMethodHandle$Holder.invokeStatic(java.lang.Object, java.lang.Object)'> (0x00000000d6acec28) 
thrown [s\src\hotspot\share\interpreter\linkResolver.cpp, line 773]
Event: 16.225 Thread 0x000002539d5458e0 Exception <a 'java/lang/NoSuchMethodError'{0x00000000d6ad22e8}: 'double java.lang.invoke.DirectMethodHandle$Holder.invokeStaticInit(java.lang.Object, java.lang.Object)'> (0x00000000d6ad22e8) 
thrown [s\src\hotspot\share\interpreter\linkResolver.cpp, line 773]
Event: 17.495 Thread 0x000002539d5458e0 Implicit null exception at 0x000002534a7cfb75 to 0x000002534a7cfc68

ZGC Phase Switch (0 events):
No events

VM Operations (20 events):
Event: 14.001 Executing VM operation: HandshakeAllThreads (Deoptimize)
Event: 14.001 Executing VM operation: HandshakeAllThreads (Deoptimize) done
Event: 14.015 Executing VM operation: HandshakeAllThreads (Deoptimize)
Event: 14.016 Executing VM operation: HandshakeAllThreads (Deoptimize) done
Event: 14.096 Executing VM operation: HandshakeAllThreads (Deoptimize)
Event: 14.096 Executing VM operation: HandshakeAllThreads (Deoptimize) done
Event: 15.096 Executing VM operation: HandshakeAllThreads (Deoptimize)
Event: 15.096 Executing VM operation: HandshakeAllThreads (Deoptimize) done
Event: 15.096 Executing VM operation: Cleanup
Event: 15.096 Executing VM operation: Cleanup done
Event: 15.629 Executing VM operation: HandshakeAllThreads (Deoptimize)
Event: 15.629 Executing VM operation: HandshakeAllThreads (Deoptimize) done
Event: 16.476 Executing VM operation: ParallelGCFailedAllocation (Allocation Failure)
Event: 16.485 Executing VM operation: ParallelGCFailedAllocation (Allocation Failure) done
Event: 17.488 Executing VM operation: ParallelGCFailedAllocation (Allocation Failure)
Event: 17.493 Executing VM operation: ParallelGCFailedAllocation (Allocation Failure) done
Event: 17.641 Executing VM operation: CollectForMetadataAllocation (Metadata GC Threshold)
Event: 17.702 Executing VM operation: CollectForMetadataAllocation (Metadata GC Threshold) done
Event: 18.708 Executing VM operation: Cleanup
Event: 18.708 Executing VM operation: Cleanup done

Memory protections (0 events):
No events

Nmethod flushes (0 events):
No events

Events (20 events):
Event: 6.708 Thread 0x000002539dc1fea0 Thread exited: 0x000002539dc1fea0
Event: 8.195 Thread 0x000002533d62ede0 Thread added: 0x000002539d79dfd0
Event: 10.259 Thread 0x000002533d62ede0 Thread added: 0x000002539d0a4ff0
Event: 10.281 Thread 0x000002533d62ede0 Thread added: 0x000002539d5458e0
Event: 10.934 Thread 0x000002539d5458e0 Thread added: 0x000002539d5332b0
Event: 11.552 Thread 0x000002539d032130 Thread added: 0x000002539dbc6830
Event: 11.552 Thread 0x000002539d032130 Thread added: 0x000002539dbc6ed0
Event: 11.822 Thread 0x000002539dbc6ed0 Thread exited: 0x000002539dbc6ed0
Event: 11.822 Thread 0x000002539dbc6830 Thread exited: 0x000002539dbc6830
Event: 13.161 Thread 0x000002539d5458e0 Thread added: 0x000002539d16f110
Event: 14.099 Thread 0x000002539d032130 Thread added: 0x000002539dbf33a0
Event: 14.334 Thread 0x000002539dbf33a0 Thread exited: 0x000002539dbf33a0
Event: 15.735 Thread 0x000002539d5458e0 Thread added: 0x000002539db14d10
Event: 15.916 Thread 0x000002539d5458e0 Thread added: 0x000002539d4d5c70
Event: 15.980 Thread 0x000002539d5458e0 Thread added: 0x000002539d4d66a0
Event: 16.325 Thread 0x000002539d032130 Thread added: 0x000002539e004e30
Event: 17.114 Thread 0x000002539e004e30 Thread exited: 0x000002539e004e30
Event: 18.425 Thread 0x000002539d032130 Thread added: 0x000002539de4c5c0
Event: 18.425 Thread 0x000002539d032130 Thread added: 0x000002539e2c64b0
Event: 18.712 Thread 0x000002539e2c64b0 Thread exited: 0x000002539e2c64b0


Dynamic libraries:
0x00007ff72bf00000 - 0x00007ff72bf0e000 	c:\Users\096POEEIPHYU\.vscode\extensions\redhat.java-1.46.0-win32-x64\jre\21.0.8-win32-x86_64\bin\java.exe
0x00007ffadedc0000 - 0x00007ffadf028000 	C:\WINDOWS\SYSTEM32\ntdll.dll
0x00007ffade0f0000 - 0x00007ffade1b9000 	C:\WINDOWS\System32\KERNEL32.DLL
0x00007ffadc3e0000 - 0x00007ffadc7d2000 	C:\WINDOWS\System32\KERNELBASE.dll
0x00007ffadc130000 - 0x00007ffadc27b000 	C:\WINDOWS\System32\ucrtbase.dll
0x00007ffabfe50000 - 0x00007ffabfe6e000 	c:\Users\096POEEIPHYU\.vscode\extensions\redhat.java-1.46.0-win32-x64\jre\21.0.8-win32-x86_64\bin\VCRUNTIME140.dll
0x00007ffabdbe0000 - 0x00007ffabdbf8000 	c:\Users\096POEEIPHYU\.vscode\extensions\redhat.java-1.46.0-win32-x64\jre\21.0.8-win32-x86_64\bin\jli.dll
0x00007ffabe3b0000 - 0x00007ffabe643000 	C:\WINDOWS\WinSxS\amd64_microsoft.windows.common-controls_6595b64144ccf1df_6.0.26100.6899_none_3e0efeeae32e88c1\COMCTL32.dll
0x00007ffade940000 - 0x00007ffade9e9000 	C:\WINDOWS\System32\msvcrt.dll
0x00007ffade3a0000 - 0x00007ffade565000 	C:\WINDOWS\System32\USER32.dll
0x00007ffadc3b0000 - 0x00007ffadc3d7000 	C:\WINDOWS\System32\win32u.dll
0x00007ffadeb00000 - 0x00007ffadeb2b000 	C:\WINDOWS\System32\GDI32.dll
0x00007ffadc280000 - 0x00007ffadc3ad000 	C:\WINDOWS\System32\gdi32full.dll
0x00007ffadc7e0000 - 0x00007ffadc883000 	C:\WINDOWS\System32\msvcp_win.dll
0x00007ffadeb30000 - 0x00007ffadeb5f000 	C:\WINDOWS\System32\IMM32.DLL
0x0000000180000000 - 0x000000018003e000 	C:\Program Files\Quality\ISMC\ISMCClient\ISMCFileHook64.dll
0x00007ffadccc0000 - 0x00007ffadcd22000 	C:\WINDOWS\System32\SHLWAPI.dll
0x00007ffaddd50000 - 0x00007ffadde04000 	C:\WINDOWS\System32\ADVAPI32.dll
0x00007ffaddf40000 - 0x00007ffaddfe6000 	C:\WINDOWS\System32\sechost.dll
0x00007ffadd6a0000 - 0x00007ffadd7b8000 	C:\WINDOWS\System32\RPCRT4.dll
0x00007ffadd500000 - 0x00007ffadd698000 	C:\WINDOWS\System32\ole32.dll
0x00007ffade5b0000 - 0x00007ffade92b000 	C:\WINDOWS\System32\combase.dll
0x00007ffadcdb0000 - 0x00007ffadd4fd000 	C:\WINDOWS\System32\SHELL32.dll
0x00007ffadc890000 - 0x00007ffadc9fb000 	C:\WINDOWS\System32\wintypes.dll
0x00007ffaba3c0000 - 0x00007ffaba3e1000 	C:\WINDOWS\SYSTEM32\MPR.dll
0x00007ffada610000 - 0x00007ffada61b000 	C:\WINDOWS\SYSTEM32\VERSION.dll
0x00007ffac7690000 - 0x00007ffac769c000 	c:\Users\096POEEIPHYU\.vscode\extensions\redhat.java-1.46.0-win32-x64\jre\21.0.8-win32-x86_64\bin\vcruntime140_1.dll
0x00007ffa4cea0000 - 0x00007ffa4cf2d000 	c:\Users\096POEEIPHYU\.vscode\extensions\redhat.java-1.46.0-win32-x64\jre\21.0.8-win32-x86_64\bin\msvcp140.dll
0x00007ff9f5760000 - 0x00007ff9f64f7000 	c:\Users\096POEEIPHYU\.vscode\extensions\redhat.java-1.46.0-win32-x64\jre\21.0.8-win32-x86_64\bin\server\jvm.dll
0x00007ffadcd30000 - 0x00007ffadcda4000 	C:\WINDOWS\System32\WS2_32.dll
0x00007ffadbda0000 - 0x00007ffadbdfe000 	C:\WINDOWS\SYSTEM32\POWRPROF.dll
0x00007ffac0b00000 - 0x00007ffac0b35000 	C:\WINDOWS\SYSTEM32\WINMM.dll
0x00007ffadbd80000 - 0x00007ffadbd94000 	C:\WINDOWS\SYSTEM32\UMPDC.dll
0x00007ffadab80000 - 0x00007ffadab9b000 	C:\WINDOWS\SYSTEM32\kernel.appcore.dll
0x00007ffac2790000 - 0x00007ffac279a000 	c:\Users\096POEEIPHYU\.vscode\extensions\redhat.java-1.46.0-win32-x64\jre\21.0.8-win32-x86_64\bin\jimage.dll
0x00007ffad9180000 - 0x00007ffad93c2000 	C:\WINDOWS\SYSTEM32\DBGHELP.DLL
0x00007ffadde10000 - 0x00007ffaddee7000 	C:\WINDOWS\System32\OLEAUT32.dll
0x00007ffab7f90000 - 0x00007ffab7fcc000 	C:\WINDOWS\SYSTEM32\dbgcore.DLL
0x00007ffadca00000 - 0x00007ffadca98000 	C:\WINDOWS\System32\bcryptPrimitives.dll
0x00007ffac2530000 - 0x00007ffac253f000 	c:\Users\096POEEIPHYU\.vscode\extensions\redhat.java-1.46.0-win32-x64\jre\21.0.8-win32-x86_64\bin\instrument.dll
0x00007ffa8a280000 - 0x00007ffa8a29f000 	c:\Users\096POEEIPHYU\.vscode\extensions\redhat.java-1.46.0-win32-x64\jre\21.0.8-win32-x86_64\bin\java.dll
0x00007ffad96d0000 - 0x00007ffad9f2d000 	C:\WINDOWS\SYSTEM32\windows.storage.dll
0x00007ffade280000 - 0x00007ffade372000 	C:\WINDOWS\System32\SHCORE.dll
0x00007ffadbe40000 - 0x00007ffadbe69000 	C:\WINDOWS\SYSTEM32\profapi.dll
0x00007ffa8a260000 - 0x00007ffa8a278000 	c:\Users\096POEEIPHYU\.vscode\extensions\redhat.java-1.46.0-win32-x64\jre\21.0.8-win32-x86_64\bin\zip.dll
0x00007ffac1c20000 - 0x00007ffac1c30000 	C:\Users\096POEEIPHYU\.vscode\extensions\redhat.java-1.46.0-win32-x64\jre\21.0.8-win32-x86_64\bin\net.dll
0x00007ffadaba0000 - 0x00007ffadacbf000 	C:\WINDOWS\SYSTEM32\WINHTTP.dll
0x00007ffadb200000 - 0x00007ffadb26b000 	C:\WINDOWS\system32\mswsock.dll
0x00007ffa88cb0000 - 0x00007ffa88cc6000 	C:\Users\096POEEIPHYU\.vscode\extensions\redhat.java-1.46.0-win32-x64\jre\21.0.8-win32-x86_64\bin\nio.dll
0x00007ffac14c0000 - 0x00007ffac14d0000 	c:\Users\096POEEIPHYU\.vscode\extensions\redhat.java-1.46.0-win32-x64\jre\21.0.8-win32-x86_64\bin\verify.dll
0x00007ffa7c030000 - 0x00007ffa7c074000 	C:\Users\096POEEIPHYU\AppData\Roaming\Code\User\globalStorage\redhat.java\1.46.0\config_ss_win\org.eclipse.equinox.launcher\org.eclipse.equinox.launcher.win32.win32.x86_64_1.2.1400.v20250801-0854\eclipse_11916.dll
0x00007ffadb5e0000 - 0x00007ffadb5fb000 	C:\WINDOWS\SYSTEM32\CRYPTSP.dll
0x00007ffadaae0000 - 0x00007ffadab1b000 	C:\WINDOWS\system32\rsaenh.dll
0x00007ffadb2a0000 - 0x00007ffadb2cb000 	C:\WINDOWS\SYSTEM32\USERENV.dll
0x00007ffadbe10000 - 0x00007ffadbe36000 	C:\WINDOWS\SYSTEM32\bcrypt.dll
0x00007ffadb440000 - 0x00007ffadb44c000 	C:\WINDOWS\SYSTEM32\CRYPTBASE.dll
0x00007ffada190000 - 0x00007ffada1c4000 	C:\WINDOWS\SYSTEM32\IPHLPAPI.DLL
0x00007ffade930000 - 0x00007ffade93a000 	C:\WINDOWS\System32\NSI.dll
0x00007ffa55d60000 - 0x00007ffa55da9000 	C:\Users\096POEEIPHYU\AppData\Local\Temp\jna-1066318513\jna13012545458533901366.dll
0x00007ffadeaf0000 - 0x00007ffadeaf8000 	C:\WINDOWS\System32\PSAPI.DLL

JVMTI agents:
c:\Users\096POEEIPHYU\.vscode\extensions\redhat.java-1.46.0-win32-x64\lombok\lombok-1.18.39-4050.jar path:c:\Users\096POEEIPHYU\.vscode\extensions\redhat.java-1.46.0-win32-x64\jre\21.0.8-win32-x86_64\bin\instrument.dll, loaded, initialized, instrumentlib options:none

dbghelp: loaded successfully - version: 4.0.5 - missing functions: none
symbol engine: initialized successfully - sym options: 0x614 - pdb path: .;c:\Users\096POEEIPHYU\.vscode\extensions\redhat.java-1.46.0-win32-x64\jre\21.0.8-win32-x86_64\bin;C:\WINDOWS\SYSTEM32;C:\WINDOWS\WinSxS\amd64_microsoft.windows.common-controls_6595b64144ccf1df_6.0.26100.6899_none_3e0efeeae32e88c1;C:\Program Files\Quality\ISMC\ISMCClient;c:\Users\096POEEIPHYU\.vscode\extensions\redhat.java-1.46.0-win32-x64\jre\21.0.8-win32-x86_64\bin\server;C:\Users\096POEEIPHYU\AppData\Roaming\Code\User\globalStorage\redhat.java\1.46.0\config_ss_win\org.eclipse.equinox.launcher\org.eclipse.equinox.launcher.win32.win32.x86_64_1.2.1400.v20250801-0854;C:\Users\096POEEIPHYU\AppData\Local\Temp\jna-1066318513

VM Arguments:
jvm_args: --add-modules=ALL-SYSTEM --add-opens=java.base/java.util=ALL-UNNAMED --add-opens=java.base/java.lang=ALL-UNNAMED --add-opens=java.base/sun.nio.fs=ALL-UNNAMED -Declipse.application=org.eclipse.jdt.ls.core.id1 -Dosgi.bundles.defaultStartLevel=4 -Declipse.product=org.eclipse.jdt.ls.core.product -Djava.import.generatesMetadataFilesAtProjectRoot=false -DDetectVMInstallationsJob.disabled=true -Dfile.encoding=utf8 -XX:+UseParallelGC -XX:GCTimeRatio=4 -XX:AdaptiveSizePolicyWeight=90 -Dsun.zip.disableMemoryMapping=true -Xmx2G -Xms100m -Xlog:disable -javaagent:c:\Users\096POEEIPHYU\.vscode\extensions\redhat.java-1.46.0-win32-x64\lombok\lombok-1.18.39-4050.jar 
java_command: c:\Users\096POEEIPHYU\.vscode\extensions\redhat.java-1.46.0-win32-x64\server\plugins\org.eclipse.equinox.launcher_1.7.0.v20250519-0528.jar -configuration c:\Users\096POEEIPHYU\AppData\Roaming\Code\User\globalStorage\redhat.java\1.46.0\config_ss_win -data c:\Users\096POEEIPHYU\AppData\Roaming\Code\User\workspaceStorage\238745f4fdc14cbabb597dbae08a20e0\redhat.java\ss_ws --pipe=\\.\pipe\lsp-e3a207470cfa9212d51e6991e0925aa6-sock
java_class_path (initial): c:\Users\096POEEIPHYU\.vscode\extensions\redhat.java-1.46.0-win32-x64\server\plugins\org.eclipse.equinox.launcher_1.7.0.v20250519-0528.jar
Launcher Type: SUN_STANDARD

[Global flags]
    uintx AdaptiveSizePolicyWeight                 = 90                                        {product} {command line}
     intx CICompilerCount                          = 4                                         {product} {ergonomic}
    uintx GCTimeRatio                              = 4                                         {product} {command line}
   size_t InitialHeapSize                          = 104857600                                 {product} {command line}
   size_t MaxHeapSize                              = 2147483648                                {product} {command line}
   size_t MaxNewSize                               = 715653120                                 {product} {ergonomic}
   size_t MinHeapDeltaBytes                        = 524288                                    {product} {ergonomic}
   size_t MinHeapSize                              = 104857600                                 {product} {command line}
   size_t NewSize                                  = 34603008                                  {product} {ergonomic}
    uintx NonNMethodCodeHeapSize                   = 5839372                                {pd product} {ergonomic}
    uintx NonProfiledCodeHeapSize                  = 122909434                              {pd product} {ergonomic}
   size_t OldSize                                  = 70254592                                  {product} {ergonomic}
    uintx ProfiledCodeHeapSize                     = 122909434                              {pd product} {ergonomic}
    uintx ReservedCodeCacheSize                    = 251658240                              {pd product} {ergonomic}
     bool SegmentedCodeCache                       = true                                      {product} {ergonomic}
   size_t SoftMaxHeapSize                          = 2147483648                             {manageable} {ergonomic}
     bool UseCompressedOops                        = true                           {product lp64_product} {ergonomic}
     bool UseLargePagesIndividualAllocation        = false                                  {pd product} {ergonomic}
     bool UseParallelGC                            = true                                      {product} {command line}

Logging:
Log output configuration:
 #0: stdout all=off uptime,level,tags foldmultilines=false
 #1: stderr all=off uptime,level,tags foldmultilines=false

Environment Variables:
JAVA_HOME=C:\Program Files\Java\jdk-17
PATH=C:\Program Files\Common Files\Oracle\Java\javapath;C:\Program Files\MySQL\MySQL Server 5.7\bin;C:\Python39\Scripts\;C:\Python39\;C:\WINDOWS\system32;C:\WINDOWS;C:\WINDOWS\System32\Wbem;C:\WINDOWS\System32\WindowsPowerShell\v1.0\;C:\WINDOWS\System32\OpenSSH\;C:\ProgramData\chocolatey\bin;C:\xampp\php;C:\ProgramData\ComposerSetup\bin;C:\Program Files\Amazon\AWSCLIV2\;C:\Program Files\Java\jdk-11\bin;C:\Program Files\Git\cmd;%MAVEN_HOME%\bin;C:\Program Files\dotnet\;C:\Program Files (x86)\dotnet\;C:\Program Files\Microsoft SQL Server\Client SDK\ODBC\170\Tools\Binn\;C:\Program Files (x86)\Microsoft SQL Server\150\Tools\Binn\;C:\Program Files\Microsoft SQL Server\150\Tools\Binn\;C:\Program Files\Microsoft SQL Server\150\DTS\Binn\;C:\Program Files (x86)\Microsoft SQL Server\150\DTS\Binn\;C:\Program Files\Azure Data Studio\bin;C:\Program Files\MySQL\MySQL Shell 8.0\bin\;C:\Users\096POEEIPHYU\AppData\Local\Programs\Python\Python39\Scripts\;C:\Users\096POEEIPHYU\AppData\Local\Programs\Python\Python39\;C:\Users\096POEEIPHYU\AppData\Local\Microsoft\WindowsApps;C:\Program Files\Java\jdk-17\bin;C:\Users\096POEEIPHYU\AppData\Local\Programs\Microsoft VS Code\bin;C:\Program Files\Maven\apache-maven-3.6.3\bin;C:\Program Files\Azure Data Studio\bin;C:\Users\096POEEIPHYU\.dotnet\tools;
USERNAME=096POEEIPHYU
OS=Windows_NT
PROCESSOR_IDENTIFIER=Intel64 Family 6 Model 142 Stepping 12, GenuineIntel
TMP=C:\Users\096POE~1\AppData\Local\Temp
TEMP=C:\Users\096POE~1\AppData\Local\Temp




Periodic native trim disabled

---------------  S Y S T E M  ---------------

OS:
 Windows 11 , 64 bit Build 26100 (10.0.26100.6725)
OS uptime: 1 days 22:59 hours
Hyper-V role detected

CPU: total 8 (initial active 8) (4 cores per cpu, 2 threads per core) family 6 model 142 stepping 12 microcode 0x100, cx8, cmov, fxsr, ht, mmx, 3dnowpref, sse, sse2, sse3, ssse3, sse4.1, sse4.2, popcnt, lzcnt, tsc, tscinvbit, avx, avx2, aes, erms, clmul, bmi1, bmi2, adx, fma, vzeroupper, clflush, clflushopt, hv, rdtscp, f16c
Processor Information for the first 8 processors :
  Max Mhz: 1800, Current Mhz: 1500, Mhz Limit: 1584

Memory: 4k page, system-wide physical 16190M (1311M free)
TotalPageFile size 22870M (AvailPageFile size 75M)
current process WorkingSet (physical memory assigned to process): 153M, peak: 160M
current process commit charge ("private bytes"): 286M, peak: 294M

vm_info: OpenJDK 64-Bit Server VM (21.0.8+9-LTS) for windows-amd64 JRE (21.0.8+9-LTS), built on 2025-07-15T00:00:00Z by "admin" with MS VC++ 17.7 (VS2022)

END.
